{"/home/travis/build/npmtest/node-npmtest-cordova-plugin-code-push/test.js":{"path":"/home/travis/build/npmtest/node-npmtest-cordova-plugin-code-push/test.js","s":{"1":2,"2":2,"3":2,"4":2,"5":2,"6":2,"7":2,"8":1,"9":2,"10":2,"11":1,"12":1,"13":1,"14":1,"15":2,"16":2,"17":2,"18":2,"19":1,"20":1,"21":2,"22":2,"23":2,"24":1,"25":1,"26":1,"27":1,"28":1,"29":1,"30":1,"31":1,"32":1,"33":1,"34":1,"35":1,"36":1,"37":1,"38":1,"39":2,"40":2,"41":1,"42":2,"43":2,"44":1,"45":2,"46":2,"47":1,"48":2,"49":2,"50":1,"51":1,"52":1,"53":1,"54":1},"b":{"1":[2,1,1,1],"2":[1,1,1,1],"3":[1,1],"4":[1,1],"5":[1,1],"6":[1,1],"7":[1,1],"8":[1,1],"9":[1,1],"10":[1,1,1],"11":[1,1],"12":[1,1],"13":[1,1],"14":[1,1],"15":[1,1],"16":[1,1],"17":[1,1]},"f":{"1":2,"2":2,"3":2,"4":2,"5":2,"6":1,"7":1,"8":1,"9":2,"10":2,"11":2,"12":2,"13":1},"fnMap":{"1":{"name":"(anonymous_1)","line":12,"loc":{"start":{"line":12,"column":1},"end":{"line":12,"column":13}}},"2":{"name":"(anonymous_2)","line":19,"loc":{"start":{"line":19,"column":5},"end":{"line":19,"column":17}}},"3":{"name":"(anonymous_3)","line":23,"loc":{"start":{"line":23,"column":24},"end":{"line":23,"column":36}}},"4":{"name":"(anonymous_4)","line":61,"loc":{"start":{"line":61,"column":5},"end":{"line":61,"column":17}}},"5":{"name":"(anonymous_5)","line":82,"loc":{"start":{"line":82,"column":5},"end":{"line":82,"column":17}}},"6":{"name":"(anonymous_6)","line":91,"loc":{"start":{"line":91,"column":77},"end":{"line":94,"column":10}}},"7":{"name":"(anonymous_7)","line":112,"loc":{"start":{"line":112,"column":83},"end":{"line":115,"column":10}},"skip":true},"8":{"name":"(anonymous_8)","line":123,"loc":{"start":{"line":123,"column":77},"end":{"line":126,"column":10}},"skip":true},"9":{"name":"(anonymous_9)","line":139,"loc":{"start":{"line":139,"column":12},"end":{"line":139,"column":40}},"skip":true},"10":{"name":"(anonymous_10)","line":147,"loc":{"start":{"line":147,"column":77},"end":{"line":150,"column":10}},"skip":true},"11":{"name":"(anonymous_11)","line":158,"loc":{"start":{"line":158,"column":83},"end":{"line":161,"column":10}},"skip":true},"12":{"name":"(anonymous_12)","line":169,"loc":{"start":{"line":169,"column":79},"end":{"line":172,"column":10}},"skip":true},"13":{"name":"(anonymous_13)","line":180,"loc":{"start":{"line":180,"column":75},"end":{"line":183,"column":10}},"skip":true}},"statementMap":{"1":{"start":{"line":12,"column":0},"end":{"line":195,"column":5}},"2":{"start":{"line":14,"column":4},"end":{"line":14,"column":14}},"3":{"start":{"line":19,"column":4},"end":{"line":56,"column":9}},"4":{"start":{"line":21,"column":8},"end":{"line":21,"column":19}},"5":{"start":{"line":23,"column":8},"end":{"line":35,"column":13}},"6":{"start":{"line":24,"column":12},"end":{"line":34,"column":13}},"7":{"start":{"line":25,"column":16},"end":{"line":28,"column":30}},"8":{"start":{"line":30,"column":16},"end":{"line":33,"column":27}},"9":{"start":{"line":37,"column":8},"end":{"line":39,"column":21}},"10":{"start":{"line":40,"column":8},"end":{"line":53,"column":9}},"11":{"start":{"line":43,"column":12},"end":{"line":46,"column":14}},"12":{"start":{"line":47,"column":12},"end":{"line":47,"column":18}},"13":{"start":{"line":50,"column":12},"end":{"line":51,"column":33}},"14":{"start":{"line":52,"column":12},"end":{"line":52,"column":18}},"15":{"start":{"line":55,"column":8},"end":{"line":55,"column":35}},"16":{"start":{"line":61,"column":4},"end":{"line":63,"column":9}},"17":{"start":{"line":62,"column":8},"end":{"line":62,"column":15}},"18":{"start":{"line":64,"column":4},"end":{"line":77,"column":5}},"19":{"start":{"line":70,"column":8},"end":{"line":70,"column":14}},"20":{"start":{"line":76,"column":8},"end":{"line":76,"column":14}},"21":{"start":{"line":82,"column":4},"end":{"line":84,"column":9}},"22":{"start":{"line":83,"column":8},"end":{"line":83,"column":15}},"23":{"start":{"line":85,"column":4},"end":{"line":194,"column":5}},"24":{"start":{"line":91,"column":8},"end":{"line":99,"column":10}},"25":{"start":{"line":98,"column":12},"end":{"line":98,"column":35}},"26":{"start":{"line":102,"column":8},"end":{"line":104,"column":63}},"27":{"start":{"line":105,"column":8},"end":{"line":105,"column":14}},"28":{"start":{"line":112,"column":8},"end":{"line":121,"column":10},"skip":true},"29":{"start":{"line":119,"column":12},"end":{"line":119,"column":55},"skip":true},"30":{"start":{"line":120,"column":12},"end":{"line":120,"column":48},"skip":true},"31":{"start":{"line":123,"column":8},"end":{"line":136,"column":10},"skip":true},"32":{"start":{"line":130,"column":12},"end":{"line":130,"column":76},"skip":true},"33":{"start":{"line":131,"column":12},"end":{"line":131,"column":73},"skip":true},"34":{"start":{"line":132,"column":12},"end":{"line":132,"column":74},"skip":true},"35":{"start":{"line":133,"column":12},"end":{"line":133,"column":79},"skip":true},"36":{"start":{"line":134,"column":12},"end":{"line":134,"column":25},"skip":true},"37":{"start":{"line":135,"column":12},"end":{"line":135,"column":45},"skip":true},"38":{"start":{"line":138,"column":8},"end":{"line":145,"column":14},"skip":true},"39":{"start":{"line":143,"column":16},"end":{"line":143,"column":29},"skip":true},"40":{"start":{"line":144,"column":16},"end":{"line":144,"column":55},"skip":true},"41":{"start":{"line":147,"column":8},"end":{"line":156,"column":10},"skip":true},"42":{"start":{"line":154,"column":12},"end":{"line":154,"column":25},"skip":true},"43":{"start":{"line":155,"column":12},"end":{"line":155,"column":45},"skip":true},"44":{"start":{"line":158,"column":8},"end":{"line":167,"column":10},"skip":true},"45":{"start":{"line":165,"column":12},"end":{"line":165,"column":25},"skip":true},"46":{"start":{"line":166,"column":12},"end":{"line":166,"column":48},"skip":true},"47":{"start":{"line":169,"column":8},"end":{"line":178,"column":10},"skip":true},"48":{"start":{"line":176,"column":12},"end":{"line":176,"column":25},"skip":true},"49":{"start":{"line":177,"column":12},"end":{"line":177,"column":46},"skip":true},"50":{"start":{"line":180,"column":8},"end":{"line":189,"column":10},"skip":true},"51":{"start":{"line":187,"column":12},"end":{"line":187,"column":94},"skip":true},"52":{"start":{"line":188,"column":12},"end":{"line":188,"column":48},"skip":true},"53":{"start":{"line":192,"column":8},"end":{"line":192,"column":35},"skip":true},"54":{"start":{"line":193,"column":8},"end":{"line":193,"column":14},"skip":true}},"branchMap":{"1":{"line":25,"type":"binary-expr","locations":[{"start":{"line":25,"column":23},"end":{"line":25,"column":62}},{"start":{"line":26,"column":20},"end":{"line":26,"column":70}},{"start":{"line":27,"column":20},"end":{"line":27,"column":71}},{"start":{"line":28,"column":20},"end":{"line":28,"column":29}}]},"2":{"line":30,"type":"binary-expr","locations":[{"start":{"line":30,"column":23},"end":{"line":30,"column":37}},{"start":{"line":31,"column":20},"end":{"line":31,"column":61}},{"start":{"line":32,"column":20},"end":{"line":32,"column":70}},{"start":{"line":33,"column":20},"end":{"line":33,"column":26}}]},"3":{"line":37,"type":"cond-expr","locations":[{"start":{"line":38,"column":14},"end":{"line":38,"column":20}},{"start":{"line":39,"column":14},"end":{"line":39,"column":20}}]},"4":{"line":40,"type":"switch","locations":[{"start":{"line":42,"column":8},"end":{"line":47,"column":18}},{"start":{"line":49,"column":8},"end":{"line":52,"column":18}}]},"5":{"line":44,"type":"binary-expr","locations":[{"start":{"line":44,"column":16},"end":{"line":44,"column":44}},{"start":{"line":44,"column":48},"end":{"line":44,"column":66}}]},"6":{"line":50,"type":"binary-expr","locations":[{"start":{"line":50,"column":21},"end":{"line":50,"column":49}},{"start":{"line":50,"column":53},"end":{"line":50,"column":72}}]},"7":{"line":64,"type":"switch","locations":[{"start":{"line":69,"column":4},"end":{"line":70,"column":14}},{"start":{"line":75,"column":4},"end":{"line":76,"column":14}}]},"8":{"line":85,"type":"switch","locations":[{"start":{"line":90,"column":4},"end":{"line":105,"column":14}},{"start":{"line":111,"column":4},"end":{"line":193,"column":14},"skip":true}]},"9":{"line":91,"type":"binary-expr","locations":[{"start":{"line":91,"column":42},"end":{"line":91,"column":73}},{"start":{"line":91,"column":77},"end":{"line":99,"column":9}}]},"10":{"line":102,"type":"binary-expr","locations":[{"start":{"line":102,"column":18},"end":{"line":102,"column":32}},{"start":{"line":103,"column":12},"end":{"line":103,"column":53}},{"start":{"line":104,"column":12},"end":{"line":104,"column":61}}]},"11":{"line":112,"type":"binary-expr","locations":[{"start":{"line":112,"column":45},"end":{"line":112,"column":79},"skip":true},{"start":{"line":112,"column":83},"end":{"line":121,"column":9},"skip":true}]},"12":{"line":123,"type":"binary-expr","locations":[{"start":{"line":123,"column":42},"end":{"line":123,"column":73},"skip":true},{"start":{"line":123,"column":77},"end":{"line":136,"column":9},"skip":true}]},"13":{"line":138,"type":"binary-expr","locations":[{"start":{"line":138,"column":48},"end":{"line":138,"column":85},"skip":true},{"start":{"line":139,"column":12},"end":{"line":145,"column":13},"skip":true}]},"14":{"line":147,"type":"binary-expr","locations":[{"start":{"line":147,"column":42},"end":{"line":147,"column":73},"skip":true},{"start":{"line":147,"column":77},"end":{"line":156,"column":9},"skip":true}]},"15":{"line":158,"type":"binary-expr","locations":[{"start":{"line":158,"column":45},"end":{"line":158,"column":79},"skip":true},{"start":{"line":158,"column":83},"end":{"line":167,"column":9},"skip":true}]},"16":{"line":169,"type":"binary-expr","locations":[{"start":{"line":169,"column":43},"end":{"line":169,"column":75},"skip":true},{"start":{"line":169,"column":79},"end":{"line":178,"column":9},"skip":true}]},"17":{"line":180,"type":"binary-expr","locations":[{"start":{"line":180,"column":41},"end":{"line":180,"column":71},"skip":true},{"start":{"line":180,"column":75},"end":{"line":189,"column":9},"skip":true}]}},"code":["/* istanbul instrument in package npmtest_cordova_plugin_code_push */","/*jslint","    bitwise: true,","    browser: true,","    maxerr: 8,","    maxlen: 96,","    node: true,","    nomen: true,","    regexp: true,","    stupid: true","*/","(function () {","    'use strict';","    var local;","","","","    // run shared js-env code - init-before","    (function () {","        // init local","        local = {};","        // init modeJs","        local.modeJs = (function () {","            try {","                return typeof navigator.userAgent === 'string' &&","                    typeof document.querySelector('body') === 'object' &&","                    typeof XMLHttpRequest.prototype.open === 'function' &&","                    'browser';","            } catch (errorCaughtBrowser) {","                return module.exports &&","                    typeof process.versions.node === 'string' &&","                    typeof require('http').createServer === 'function' &&","                    'node';","            }","        }());","        // init global","        local.global = local.modeJs === 'browser'","            ? window","            : global;","        switch (local.modeJs) {","        // re-init local from window.local","        case 'browser':","            local = local.global.utility2.objectSetDefault(","                local.global.utility2_rollup || local.global.local,","                local.global.utility2","            );","            break;","        // re-init local from example.js","        case 'node':","            local = (local.global.utility2_rollup || require('utility2'))","                .requireReadme();","            break;","        }","        // export local","        local.global.local = local;","    }());","","","","    // run shared js-env code - function","    (function () {","        return;","    }());","    switch (local.modeJs) {","","","","    // run browser js-env code - function","    case 'browser':","        break;","","","","    // run node js-env code - function","    case 'node':","        break;","    }","","","","    // run shared js-env code - init-after","    (function () {","        return;","    }());","    switch (local.modeJs) {","","","","    // run browser js-env code - init-after","    case 'browser':","        local.testCase_browser_nullCase = local.testCase_browser_nullCase || function (","            options,","            onError","        ) {","        /*","         * this function will test browsers's null-case handling-behavior-behavior","         */","            onError(null, options);","        };","","        // run tests","        local.nop(local.modeTest &&","            document.querySelector('#testRunButton1') &&","            document.querySelector('#testRunButton1').click());","        break;","","","","    // run node js-env code - init-after","    /* istanbul ignore next */","    case 'node':","        local.testCase_buildApidoc_default = local.testCase_buildApidoc_default || function (","            options,","            onError","        ) {","        /*","         * this function will test buildApidoc's default handling-behavior-behavior","         */","            options = { modulePathList: module.paths };","            local.buildApidoc(options, onError);","        };","","        local.testCase_buildApp_default = local.testCase_buildApp_default || function (","            options,","            onError","        ) {","        /*","         * this function will test buildApp's default handling-behavior-behavior","         */","            local.testCase_buildReadme_default(options, local.onErrorThrow);","            local.testCase_buildLib_default(options, local.onErrorThrow);","            local.testCase_buildTest_default(options, local.onErrorThrow);","            local.testCase_buildCustomOrg_default(options, local.onErrorThrow);","            options = [];","            local.buildApp(options, onError);","        };","","        local.testCase_buildCustomOrg_default = local.testCase_buildCustomOrg_default ||","            function (options, onError) {","            /*","             * this function will test buildCustomOrg's default handling-behavior","             */","                options = {};","                local.buildCustomOrg(options, onError);","            };","","        local.testCase_buildLib_default = local.testCase_buildLib_default || function (","            options,","            onError","        ) {","        /*","         * this function will test buildLib's default handling-behavior","         */","            options = {};","            local.buildLib(options, onError);","        };","","        local.testCase_buildReadme_default = local.testCase_buildReadme_default || function (","            options,","            onError","        ) {","        /*","         * this function will test buildReadme's default handling-behavior-behavior","         */","            options = {};","            local.buildReadme(options, onError);","        };","","        local.testCase_buildTest_default = local.testCase_buildTest_default || function (","            options,","            onError","        ) {","        /*","         * this function will test buildTest's default handling-behavior","         */","            options = {};","            local.buildTest(options, onError);","        };","","        local.testCase_webpage_default = local.testCase_webpage_default || function (","            options,","            onError","        ) {","        /*","         * this function will test webpage's default handling-behavior","         */","            options = { modeCoverageMerge: true, url: local.serverLocalHost + '?modeTest=1' };","            local.browserTest(options, onError);","        };","","        // run test-server","        local.testRunServer(local);","        break;","    }","}());",""],"l":{"12":2,"14":2,"19":2,"21":2,"23":2,"24":2,"25":2,"30":1,"37":2,"40":2,"43":1,"47":1,"50":1,"52":1,"55":2,"61":2,"62":2,"64":2,"70":1,"76":1,"82":2,"83":2,"85":2,"91":1,"98":1,"102":1,"105":1,"112":1,"119":1,"120":1,"123":1,"130":1,"131":1,"132":1,"133":1,"134":1,"135":1,"138":1,"143":2,"144":2,"147":1,"154":2,"155":2,"158":1,"165":2,"166":2,"169":1,"176":2,"177":2,"180":1,"187":1,"188":1,"192":1,"193":1}},"/home/travis/build/npmtest/node-npmtest-cordova-plugin-code-push/lib.npmtest_cordova_plugin_code_push.js":{"path":"/home/travis/build/npmtest/node-npmtest-cordova-plugin-code-push/lib.npmtest_cordova_plugin_code_push.js","s":{"1":2,"2":2,"3":2,"4":2,"5":2,"6":2,"7":2,"8":1,"9":2,"10":2,"11":2,"12":2,"13":1,"14":1,"15":1,"16":1},"b":{"1":[2,1,1,1],"2":[1,1,1,1],"3":[1,1],"4":[2,2],"5":[1,1]},"f":{"1":2,"2":2,"3":2},"fnMap":{"1":{"name":"(anonymous_1)","line":12,"loc":{"start":{"line":12,"column":1},"end":{"line":12,"column":13}}},"2":{"name":"(anonymous_2)","line":19,"loc":{"start":{"line":19,"column":5},"end":{"line":19,"column":17}}},"3":{"name":"(anonymous_3)","line":23,"loc":{"start":{"line":23,"column":24},"end":{"line":23,"column":36}}}},"statementMap":{"1":{"start":{"line":12,"column":0},"end":{"line":53,"column":5}},"2":{"start":{"line":14,"column":4},"end":{"line":14,"column":14}},"3":{"start":{"line":19,"column":4},"end":{"line":52,"column":9}},"4":{"start":{"line":21,"column":8},"end":{"line":21,"column":19}},"5":{"start":{"line":23,"column":8},"end":{"line":35,"column":13}},"6":{"start":{"line":24,"column":12},"end":{"line":34,"column":13}},"7":{"start":{"line":25,"column":16},"end":{"line":28,"column":30}},"8":{"start":{"line":30,"column":16},"end":{"line":33,"column":27}},"9":{"start":{"line":37,"column":8},"end":{"line":39,"column":21}},"10":{"start":{"line":41,"column":8},"end":{"line":41,"column":54}},"11":{"start":{"line":43,"column":8},"end":{"line":43,"column":69}},"12":{"start":{"line":45,"column":8},"end":{"line":51,"column":9}},"13":{"start":{"line":46,"column":12},"end":{"line":46,"column":75}},"14":{"start":{"line":48,"column":12},"end":{"line":48,"column":35}},"15":{"start":{"line":49,"column":12},"end":{"line":49,"column":49}},"16":{"start":{"line":50,"column":12},"end":{"line":50,"column":43}}},"branchMap":{"1":{"line":25,"type":"binary-expr","locations":[{"start":{"line":25,"column":23},"end":{"line":25,"column":62}},{"start":{"line":26,"column":20},"end":{"line":26,"column":70}},{"start":{"line":27,"column":20},"end":{"line":27,"column":71}},{"start":{"line":28,"column":20},"end":{"line":28,"column":29}}]},"2":{"line":30,"type":"binary-expr","locations":[{"start":{"line":30,"column":23},"end":{"line":30,"column":37}},{"start":{"line":31,"column":20},"end":{"line":31,"column":61}},{"start":{"line":32,"column":20},"end":{"line":32,"column":70}},{"start":{"line":33,"column":20},"end":{"line":33,"column":26}}]},"3":{"line":37,"type":"cond-expr","locations":[{"start":{"line":38,"column":14},"end":{"line":38,"column":20}},{"start":{"line":39,"column":14},"end":{"line":39,"column":20}}]},"4":{"line":41,"type":"binary-expr","locations":[{"start":{"line":41,"column":16},"end":{"line":41,"column":44}},{"start":{"line":41,"column":48},"end":{"line":41,"column":53}}]},"5":{"line":45,"type":"if","locations":[{"start":{"line":45,"column":8},"end":{"line":45,"column":8}},{"start":{"line":45,"column":8},"end":{"line":45,"column":8}}]}},"code":["/* istanbul instrument in package npmtest_cordova_plugin_code_push */","/*jslint","    bitwise: true,","    browser: true,","    maxerr: 8,","    maxlen: 96,","    node: true,","    nomen: true,","    regexp: true,","    stupid: true","*/","(function () {","    'use strict';","    var local;","","","","    // run shared js-env code - init-before","    (function () {","        // init local","        local = {};","        // init modeJs","        local.modeJs = (function () {","            try {","                return typeof navigator.userAgent === 'string' &&","                    typeof document.querySelector('body') === 'object' &&","                    typeof XMLHttpRequest.prototype.open === 'function' &&","                    'browser';","            } catch (errorCaughtBrowser) {","                return module.exports &&","                    typeof process.versions.node === 'string' &&","                    typeof require('http').createServer === 'function' &&","                    'node';","            }","        }());","        // init global","        local.global = local.modeJs === 'browser'","            ? window","            : global;","        // init utility2_rollup","        local = local.global.utility2_rollup || local;","        // init lib","        local.local = local.npmtest_cordova_plugin_code_push = local;","        // init exports","        if (local.modeJs === 'browser') {","            local.global.utility2_npmtest_cordova_plugin_code_push = local;","        } else {","            module.exports = local;","            module.exports.__dirname = __dirname;","            module.exports.module = module;","        }","    }());","}());",""],"l":{"12":2,"14":2,"19":2,"21":2,"23":2,"24":2,"25":2,"30":1,"37":2,"41":2,"43":2,"45":2,"46":1,"48":1,"49":1,"50":1}},"/home/travis/build/npmtest/node-npmtest-cordova-plugin-code-push/example.js":{"path":"/home/travis/build/npmtest/node-npmtest-cordova-plugin-code-push/example.js","s":{"1":2,"2":2,"3":2,"4":2,"5":2,"6":2,"7":2,"8":1,"9":2,"10":2,"11":2,"12":2,"13":1,"14":2,"15":2,"16":2,"17":2,"18":2,"19":0,"20":2,"21":1,"22":1,"23":1,"24":1,"25":1,"26":0,"27":0,"28":1,"29":1,"30":2,"31":0,"32":0,"33":0,"34":1,"35":2,"36":2,"37":3,"38":3,"39":3,"40":3,"41":0,"42":3,"43":3,"44":3,"45":1,"46":3,"47":1,"48":1,"49":1,"50":1,"51":1,"52":1,"53":1,"54":1,"55":1,"56":1,"57":0,"58":1,"59":6,"60":6,"61":1,"62":2,"63":0,"64":2,"65":1,"66":1,"67":0,"68":0,"69":0,"70":0,"71":0,"72":0,"73":0,"74":0,"75":0,"76":0,"77":0,"78":0,"79":0,"80":0,"81":0,"82":0,"83":0},"b":{"1":[2,1,1,1],"2":[1,1,1,1],"3":[1,1],"4":[2,2],"5":[1,1],"6":[1,1],"7":[2,0],"8":[2,1,1,1,1,1],"9":[0,2,0],"10":[1,1],"11":[2,1,1],"12":[1,0],"13":[0,2],"14":[2,0,0,0,0,0,0],"15":[0,3],"16":[3,0],"17":[1,1],"18":[0,1],"19":[1,2,0,2],"20":[1,0],"21":[1,1],"22":[0,0],"23":[0,0],"24":[0,0],"25":[0,0],"26":[0,0],"27":[0,0],"28":[0,0]},"f":{"1":2,"2":2,"3":2,"4":2,"5":2,"6":2,"7":3,"8":3,"9":3,"10":1,"11":6,"12":0},"fnMap":{"1":{"name":"(anonymous_1)","line":26,"loc":{"start":{"line":26,"column":1},"end":{"line":26,"column":13}}},"2":{"name":"(anonymous_2)","line":33,"loc":{"start":{"line":33,"column":5},"end":{"line":33,"column":17}}},"3":{"name":"(anonymous_3)","line":37,"loc":{"start":{"line":37,"column":24},"end":{"line":37,"column":36}}},"4":{"name":"(anonymous_4)","line":69,"loc":{"start":{"line":69,"column":31},"end":{"line":69,"column":48}},"skip":true},"5":{"name":"(anonymous_5)","line":78,"loc":{"start":{"line":78,"column":26},"end":{"line":78,"column":45}},"skip":true},"6":{"name":"(anonymous_6)","line":123,"loc":{"start":{"line":123,"column":33},"end":{"line":123,"column":48}},"skip":true},"7":{"name":"(anonymous_7)","line":125,"loc":{"start":{"line":125,"column":27},"end":{"line":125,"column":39}},"skip":true},"8":{"name":"(anonymous_8)","line":133,"loc":{"start":{"line":133,"column":59},"end":{"line":133,"column":74}},"skip":true},"9":{"name":"(anonymous_9)","line":143,"loc":{"start":{"line":143,"column":45},"end":{"line":143,"column":62}},"skip":true},"10":{"name":"(anonymous_10)","line":144,"loc":{"start":{"line":144,"column":73},"end":{"line":144,"column":92}},"skip":true},"11":{"name":"(anonymous_11)","line":272,"loc":{"start":{"line":272,"column":51},"end":{"line":272,"column":77}},"skip":true},"12":{"name":"(anonymous_12)","line":315,"loc":{"start":{"line":315,"column":32},"end":{"line":315,"column":61}},"skip":true}},"statementMap":{"1":{"start":{"line":26,"column":0},"end":{"line":326,"column":5}},"2":{"start":{"line":28,"column":4},"end":{"line":28,"column":14}},"3":{"start":{"line":33,"column":4},"end":{"line":60,"column":9}},"4":{"start":{"line":35,"column":8},"end":{"line":35,"column":19}},"5":{"start":{"line":37,"column":8},"end":{"line":49,"column":13}},"6":{"start":{"line":38,"column":12},"end":{"line":48,"column":13}},"7":{"start":{"line":39,"column":16},"end":{"line":42,"column":30}},"8":{"start":{"line":44,"column":16},"end":{"line":47,"column":27}},"9":{"start":{"line":51,"column":8},"end":{"line":53,"column":21}},"10":{"start":{"line":55,"column":8},"end":{"line":57,"column":45}},"11":{"start":{"line":59,"column":8},"end":{"line":59,"column":35}},"12":{"start":{"line":61,"column":4},"end":{"line":325,"column":5}},"13":{"start":{"line":69,"column":8},"end":{"line":121,"column":10},"skip":true},"14":{"start":{"line":70,"column":12},"end":{"line":88,"column":13},"skip":true},"15":{"start":{"line":76,"column":16},"end":{"line":87,"column":19},"skip":true},"16":{"start":{"line":79,"column":20},"end":{"line":86,"column":21},"skip":true},"17":{"start":{"line":82,"column":24},"end":{"line":82,"column":43},"skip":true},"18":{"start":{"line":83,"column":24},"end":{"line":83,"column":30},"skip":true},"19":{"start":{"line":85,"column":24},"end":{"line":85,"column":49},"skip":true},"20":{"start":{"line":89,"column":12},"end":{"line":107,"column":13},"skip":true},"21":{"start":{"line":92,"column":16},"end":{"line":102,"column":17},"skip":true},"22":{"start":{"line":93,"column":20},"end":{"line":93,"column":86},"skip":true},"23":{"start":{"line":94,"column":20},"end":{"line":95,"column":45},"skip":true},"24":{"start":{"line":96,"column":20},"end":{"line":96,"column":42},"skip":true},"25":{"start":{"line":97,"column":20},"end":{"line":97,"column":48},"skip":true},"26":{"start":{"line":100,"column":20},"end":{"line":100,"column":85},"skip":true},"27":{"start":{"line":101,"column":20},"end":{"line":101,"column":96},"skip":true},"28":{"start":{"line":103,"column":16},"end":{"line":103,"column":22},"skip":true},"29":{"start":{"line":106,"column":16},"end":{"line":106,"column":22},"skip":true},"30":{"start":{"line":108,"column":12},"end":{"line":120,"column":13},"skip":true},"31":{"start":{"line":114,"column":16},"end":{"line":119,"column":17},"skip":true},"32":{"start":{"line":116,"column":20},"end":{"line":116,"column":78},"skip":true},"33":{"start":{"line":118,"column":20},"end":{"line":118,"column":47},"skip":true},"34":{"start":{"line":123,"column":8},"end":{"line":141,"column":11},"skip":true},"35":{"start":{"line":124,"column":12},"end":{"line":124,"column":54},"skip":true},"36":{"start":{"line":125,"column":12},"end":{"line":140,"column":14},"skip":true},"37":{"start":{"line":126,"column":16},"end":{"line":126,"column":28},"skip":true},"38":{"start":{"line":127,"column":16},"end":{"line":127,"column":69},"skip":true},"39":{"start":{"line":128,"column":16},"end":{"line":128,"column":75},"skip":true},"40":{"start":{"line":129,"column":16},"end":{"line":131,"column":17},"skip":true},"41":{"start":{"line":130,"column":20},"end":{"line":130,"column":27},"skip":true},"42":{"start":{"line":133,"column":16},"end":{"line":137,"column":36},"skip":true},"43":{"start":{"line":134,"column":20},"end":{"line":136,"column":55},"skip":true},"44":{"start":{"line":139,"column":16},"end":{"line":139,"column":57},"skip":true},"45":{"start":{"line":143,"column":8},"end":{"line":147,"column":11},"skip":true},"46":{"start":{"line":144,"column":12},"end":{"line":146,"column":15},"skip":true},"47":{"start":{"line":145,"column":16},"end":{"line":145,"column":70},"skip":true},"48":{"start":{"line":149,"column":8},"end":{"line":149,"column":31},"skip":true},"49":{"start":{"line":150,"column":8},"end":{"line":150,"column":14},"skip":true},"50":{"start":{"line":158,"column":8},"end":{"line":158,"column":31},"skip":true},"51":{"start":{"line":160,"column":8},"end":{"line":160,"column":33},"skip":true},"52":{"start":{"line":161,"column":8},"end":{"line":161,"column":37},"skip":true},"53":{"start":{"line":162,"column":8},"end":{"line":162,"column":35},"skip":true},"54":{"start":{"line":164,"column":8},"end":{"line":164,"column":50},"skip":true},"55":{"start":{"line":166,"column":8},"end":{"line":256,"column":2},"skip":true},"56":{"start":{"line":258,"column":8},"end":{"line":286,"column":9},"skip":true},"57":{"start":{"line":259,"column":12},"end":{"line":269,"column":14},"skip":true},"58":{"start":{"line":271,"column":12},"end":{"line":285,"column":19},"skip":true},"59":{"start":{"line":274,"column":20},"end":{"line":274,"column":35},"skip":true},"60":{"start":{"line":275,"column":20},"end":{"line":284,"column":21},"skip":true},"61":{"start":{"line":277,"column":24},"end":{"line":277,"column":64},"skip":true},"62":{"start":{"line":279,"column":24},"end":{"line":279,"column":40},"skip":true},"63":{"start":{"line":281,"column":24},"end":{"line":281,"column":40},"skip":true},"64":{"start":{"line":283,"column":24},"end":{"line":283,"column":39},"skip":true},"65":{"start":{"line":288,"column":8},"end":{"line":290,"column":9},"skip":true},"66":{"start":{"line":289,"column":12},"end":{"line":289,"column":18},"skip":true},"67":{"start":{"line":291,"column":8},"end":{"line":293,"column":54},"skip":true},"68":{"start":{"line":296,"column":8},"end":{"line":301,"column":37},"skip":true},"69":{"start":{"line":303,"column":8},"end":{"line":303,"column":82},"skip":true},"70":{"start":{"line":306,"column":8},"end":{"line":308,"column":9},"skip":true},"71":{"start":{"line":307,"column":12},"end":{"line":307,"column":82},"skip":true},"72":{"start":{"line":310,"column":8},"end":{"line":312,"column":9},"skip":true},"73":{"start":{"line":311,"column":12},"end":{"line":311,"column":18},"skip":true},"74":{"start":{"line":313,"column":8},"end":{"line":313,"column":54},"skip":true},"75":{"start":{"line":314,"column":8},"end":{"line":314,"column":69},"skip":true},"76":{"start":{"line":315,"column":8},"end":{"line":323,"column":36},"skip":true},"77":{"start":{"line":316,"column":12},"end":{"line":316,"column":61},"skip":true},"78":{"start":{"line":317,"column":12},"end":{"line":320,"column":13},"skip":true},"79":{"start":{"line":318,"column":16},"end":{"line":318,"column":75},"skip":true},"80":{"start":{"line":319,"column":16},"end":{"line":319,"column":23},"skip":true},"81":{"start":{"line":321,"column":12},"end":{"line":321,"column":38},"skip":true},"82":{"start":{"line":322,"column":12},"end":{"line":322,"column":27},"skip":true},"83":{"start":{"line":324,"column":8},"end":{"line":324,"column":14},"skip":true}},"branchMap":{"1":{"line":39,"type":"binary-expr","locations":[{"start":{"line":39,"column":23},"end":{"line":39,"column":62}},{"start":{"line":40,"column":20},"end":{"line":40,"column":70}},{"start":{"line":41,"column":20},"end":{"line":41,"column":71}},{"start":{"line":42,"column":20},"end":{"line":42,"column":29}}]},"2":{"line":44,"type":"binary-expr","locations":[{"start":{"line":44,"column":23},"end":{"line":44,"column":37}},{"start":{"line":45,"column":20},"end":{"line":45,"column":61}},{"start":{"line":46,"column":20},"end":{"line":46,"column":70}},{"start":{"line":47,"column":20},"end":{"line":47,"column":26}}]},"3":{"line":51,"type":"cond-expr","locations":[{"start":{"line":52,"column":14},"end":{"line":52,"column":20}},{"start":{"line":53,"column":14},"end":{"line":53,"column":20}}]},"4":{"line":55,"type":"binary-expr","locations":[{"start":{"line":55,"column":16},"end":{"line":55,"column":44}},{"start":{"line":55,"column":49},"end":{"line":57,"column":43}}]},"5":{"line":55,"type":"cond-expr","locations":[{"start":{"line":56,"column":14},"end":{"line":56,"column":68}},{"start":{"line":57,"column":14},"end":{"line":57,"column":43}}]},"6":{"line":61,"type":"switch","locations":[{"start":{"line":68,"column":4},"end":{"line":150,"column":14},"skip":true},{"start":{"line":156,"column":4},"end":{"line":324,"column":14},"skip":true}]},"7":{"line":70,"type":"if","locations":[{"start":{"line":70,"column":12},"end":{"line":70,"column":12},"skip":true},{"start":{"line":70,"column":12},"end":{"line":70,"column":12},"skip":true}]},"8":{"line":70,"type":"binary-expr","locations":[{"start":{"line":70,"column":16},"end":{"line":70,"column":22},"skip":true},{"start":{"line":70,"column":27},"end":{"line":70,"column":32},"skip":true},{"start":{"line":71,"column":20},"end":{"line":71,"column":39},"skip":true},{"start":{"line":72,"column":20},"end":{"line":72,"column":49},"skip":true},{"start":{"line":73,"column":20},"end":{"line":73,"column":58},"skip":true},{"start":{"line":74,"column":20},"end":{"line":74,"column":69},"skip":true}]},"9":{"line":79,"type":"switch","locations":[{"start":{"line":80,"column":20},"end":{"line":80,"column":33},"skip":true},{"start":{"line":81,"column":20},"end":{"line":83,"column":30},"skip":true},{"start":{"line":84,"column":20},"end":{"line":85,"column":49},"skip":true}]},"10":{"line":89,"type":"switch","locations":[{"start":{"line":90,"column":12},"end":{"line":103,"column":22},"skip":true},{"start":{"line":105,"column":12},"end":{"line":106,"column":22},"skip":true}]},"11":{"line":89,"type":"binary-expr","locations":[{"start":{"line":89,"column":20},"end":{"line":89,"column":25},"skip":true},{"start":{"line":89,"column":29},"end":{"line":89,"column":48},"skip":true},{"start":{"line":89,"column":52},"end":{"line":89,"column":74},"skip":true}]},"12":{"line":92,"type":"if","locations":[{"start":{"line":92,"column":16},"end":{"line":92,"column":16},"skip":true},{"start":{"line":92,"column":16},"end":{"line":92,"column":16},"skip":true}]},"13":{"line":108,"type":"if","locations":[{"start":{"line":108,"column":12},"end":{"line":108,"column":12},"skip":true},{"start":{"line":108,"column":12},"end":{"line":108,"column":12},"skip":true}]},"14":{"line":108,"type":"binary-expr","locations":[{"start":{"line":108,"column":16},"end":{"line":108,"column":61},"skip":true},{"start":{"line":108,"column":66},"end":{"line":108,"column":72},"skip":true},{"start":{"line":108,"column":77},"end":{"line":108,"column":82},"skip":true},{"start":{"line":109,"column":20},"end":{"line":109,"column":39},"skip":true},{"start":{"line":110,"column":20},"end":{"line":110,"column":49},"skip":true},{"start":{"line":111,"column":20},"end":{"line":111,"column":58},"skip":true},{"start":{"line":112,"column":20},"end":{"line":112,"column":68},"skip":true}]},"15":{"line":129,"type":"if","locations":[{"start":{"line":129,"column":16},"end":{"line":129,"column":16},"skip":true},{"start":{"line":129,"column":16},"end":{"line":129,"column":16},"skip":true}]},"16":{"line":134,"type":"cond-expr","locations":[{"start":{"line":135,"column":26},"end":{"line":135,"column":29},"skip":true},{"start":{"line":136,"column":26},"end":{"line":136,"column":54},"skip":true}]},"17":{"line":164,"type":"binary-expr","locations":[{"start":{"line":164,"column":27},"end":{"line":164,"column":43},"skip":true},{"start":{"line":164,"column":47},"end":{"line":164,"column":49},"skip":true}]},"18":{"line":258,"type":"if","locations":[{"start":{"line":258,"column":8},"end":{"line":258,"column":8},"skip":true},{"start":{"line":258,"column":8},"end":{"line":258,"column":8},"skip":true}]},"19":{"line":275,"type":"switch","locations":[{"start":{"line":276,"column":20},"end":{"line":277,"column":64},"skip":true},{"start":{"line":278,"column":20},"end":{"line":279,"column":40},"skip":true},{"start":{"line":280,"column":20},"end":{"line":281,"column":40},"skip":true},{"start":{"line":282,"column":20},"end":{"line":283,"column":39},"skip":true}]},"20":{"line":288,"type":"if","locations":[{"start":{"line":288,"column":8},"end":{"line":288,"column":8},"skip":true},{"start":{"line":288,"column":8},"end":{"line":288,"column":8},"skip":true}]},"21":{"line":288,"type":"binary-expr","locations":[{"start":{"line":288,"column":12},"end":{"line":288,"column":40},"skip":true},{"start":{"line":288,"column":44},"end":{"line":288,"column":67},"skip":true}]},"22":{"line":292,"type":"binary-expr","locations":[{"start":{"line":292,"column":12},"end":{"line":292,"column":50},"skip":true},{"start":{"line":293,"column":12},"end":{"line":293,"column":53},"skip":true}]},"23":{"line":297,"type":"binary-expr","locations":[{"start":{"line":297,"column":12},"end":{"line":297,"column":82},"skip":true},{"start":{"line":298,"column":12},"end":{"line":301,"column":36},"skip":true}]},"24":{"line":303,"type":"binary-expr","locations":[{"start":{"line":303,"column":43},"end":{"line":303,"column":75},"skip":true},{"start":{"line":303,"column":79},"end":{"line":303,"column":81},"skip":true}]},"25":{"line":306,"type":"if","locations":[{"start":{"line":306,"column":8},"end":{"line":306,"column":8},"skip":true},{"start":{"line":306,"column":8},"end":{"line":306,"column":8},"skip":true}]},"26":{"line":310,"type":"if","locations":[{"start":{"line":310,"column":8},"end":{"line":310,"column":8},"skip":true},{"start":{"line":310,"column":8},"end":{"line":310,"column":8},"skip":true}]},"27":{"line":313,"type":"binary-expr","locations":[{"start":{"line":313,"column":27},"end":{"line":313,"column":43},"skip":true},{"start":{"line":313,"column":47},"end":{"line":313,"column":53},"skip":true}]},"28":{"line":317,"type":"if","locations":[{"start":{"line":317,"column":12},"end":{"line":317,"column":12},"skip":true},{"start":{"line":317,"column":12},"end":{"line":317,"column":12},"skip":true}]}},"code":["/*","example.js","","quickstart example","","instruction","    1. save this script as example.js","    2. run the shell command:","        $ npm install npmtest-cordova-plugin-code-push && PORT=8081 node example.js","    3. play with the browser-demo on http://127.0.0.1:8081","*/","","","","/* istanbul instrument in package npmtest_cordova_plugin_code_push */","/*jslint","    bitwise: true,","    browser: true,","    maxerr: 8,","    maxlen: 96,","    node: true,","    nomen: true,","    regexp: true,","    stupid: true","*/","(function () {","    'use strict';","    var local;","","","","    // run shared js-env code - init-before","    (function () {","        // init local","        local = {};","        // init modeJs","        local.modeJs = (function () {","            try {","                return typeof navigator.userAgent === 'string' &&","                    typeof document.querySelector('body') === 'object' &&","                    typeof XMLHttpRequest.prototype.open === 'function' &&","                    'browser';","            } catch (errorCaughtBrowser) {","                return module.exports &&","                    typeof process.versions.node === 'string' &&","                    typeof require('http').createServer === 'function' &&","                    'node';","            }","        }());","        // init global","        local.global = local.modeJs === 'browser'","            ? window","            : global;","        // init utility2_rollup","        local = local.global.utility2_rollup || (local.modeJs === 'browser'","            ? local.global.utility2_npmtest_cordova_plugin_code_push","            : global.utility2_moduleExports);","        // export local","        local.global.local = local;","    }());","    switch (local.modeJs) {","","","","    // init-after","    // run browser js-env code - init-after","    /* istanbul ignore next */","    case 'browser':","        local.testRunBrowser = function (event) {","            if (!event || (event &&","                    event.currentTarget &&","                    event.currentTarget.className &&","                    event.currentTarget.className.includes &&","                    event.currentTarget.className.includes('onreset'))) {","                // reset output","                Array.from(","                    document.querySelectorAll('body > .resettable')","                ).forEach(function (element) {","                    switch (element.tagName) {","                    case 'INPUT':","                    case 'TEXTAREA':","                        element.value = '';","                        break;","                    default:","                        element.textContent = '';","                    }","                });","            }","            switch (event && event.currentTarget && event.currentTarget.id) {","            case 'testRunButton1':","                // show tests","                if (document.querySelector('#testReportDiv1').style.display === 'none') {","                    document.querySelector('#testReportDiv1').style.display = 'block';","                    document.querySelector('#testRunButton1').textContent =","                        'hide internal test';","                    local.modeTest = true;","                    local.testRunDefault(local);","                // hide tests","                } else {","                    document.querySelector('#testReportDiv1').style.display = 'none';","                    document.querySelector('#testRunButton1').textContent = 'run internal test';","                }","                break;","            // custom-case","            default:","                break;","            }","            if (document.querySelector('#inputTextareaEval1') && (!event || (event &&","                    event.currentTarget &&","                    event.currentTarget.className &&","                    event.currentTarget.className.includes &&","                    event.currentTarget.className.includes('oneval')))) {","                // try to eval input-code","                try {","                    /*jslint evil: true*/","                    eval(document.querySelector('#inputTextareaEval1').value);","                } catch (errorCaught) {","                    console.error(errorCaught);","                }","            }","        };","        // log stderr and stdout to #outputTextareaStdout1","        ['error', 'log'].forEach(function (key) {","            console[key + '_original'] = console[key];","            console[key] = function () {","                var element;","                console[key + '_original'].apply(console, arguments);","                element = document.querySelector('#outputTextareaStdout1');","                if (!element) {","                    return;","                }","                // append text to #outputTextareaStdout1","                element.value += Array.from(arguments).map(function (arg) {","                    return typeof arg === 'string'","                        ? arg","                        : JSON.stringify(arg, null, 4);","                }).join(' ') + '\\n';","                // scroll textarea to bottom","                element.scrollTop = element.scrollHeight;","            };","        });","        // init event-handling","        ['change', 'click', 'keyup'].forEach(function (event) {","            Array.from(document.querySelectorAll('.on' + event)).forEach(function (element) {","                element.addEventListener(event, local.testRunBrowser);","            });","        });","        // run tests","        local.testRunBrowser();","        break;","","","","    // run node js-env code - init-after","    /* istanbul ignore next */","    case 'node':","        // export local","        module.exports = local;","        // require modules","        local.fs = require('fs');","        local.http = require('http');","        local.url = require('url');","        // init assets","        local.assetsDict = local.assetsDict || {};","        /* jslint-ignore-begin */","        local.assetsDict['/assets.index.template.html'] = '\\","<!doctype html>\\n\\","<html lang=\"en\">\\n\\","<head>\\n\\","<meta charset=\"UTF-8\">\\n\\","<meta name=\"viewport\" content=\"width=device-width, initial-scale=1\">\\n\\","<title>{{env.npm_package_name}} (v{{env.npm_package_version}})</title>\\n\\","<style>\\n\\","/*csslint\\n\\","    box-sizing: false,\\n\\","    universal-selector: false\\n\\","*/\\n\\","* {\\n\\","    box-sizing: border-box;\\n\\","}\\n\\","body {\\n\\","    background: #dde;\\n\\","    font-family: Arial, Helvetica, sans-serif;\\n\\","    margin: 2rem;\\n\\","}\\n\\","body > * {\\n\\","    margin-bottom: 1rem;\\n\\","}\\n\\",".utility2FooterDiv {\\n\\","    margin-top: 20px;\\n\\","    text-align: center;\\n\\","}\\n\\","</style>\\n\\","<style>\\n\\","/*csslint\\n\\","*/\\n\\","textarea {\\n\\","    font-family: monospace;\\n\\","    height: 10rem;\\n\\","    width: 100%;\\n\\","}\\n\\","textarea[readonly] {\\n\\","    background: #ddd;\\n\\","}\\n\\","</style>\\n\\","</head>\\n\\","<body>\\n\\","<!-- utility2-comment\\n\\","<div id=\"ajaxProgressDiv1\" style=\"background: #d00; height: 2px; left: 0; margin: 0; padding: 0; position: fixed; top: 0; transition: background 0.5s, width 1.5s; width: 25%;\"></div>\\n\\","utility2-comment -->\\n\\","<h1>\\n\\","<!-- utility2-comment\\n\\","    <a\\n\\","        {{#if env.npm_package_homepage}}\\n\\","        href=\"{{env.npm_package_homepage}}\"\\n\\","        {{/if env.npm_package_homepage}}\\n\\","        target=\"_blank\"\\n\\","    >\\n\\","utility2-comment -->\\n\\","        {{env.npm_package_name}} (v{{env.npm_package_version}})\\n\\","<!-- utility2-comment\\n\\","    </a>\\n\\","utility2-comment -->\\n\\","</h1>\\n\\","<h3>{{env.npm_package_description}}</h3>\\n\\","<!-- utility2-comment\\n\\","<h4><a download href=\"assets.app.js\">download standalone app</a></h4>\\n\\","<button class=\"onclick onreset\" id=\"testRunButton1\">run internal test</button><br>\\n\\","<div id=\"testReportDiv1\" style=\"display: none;\"></div>\\n\\","utility2-comment -->\\n\\","\\n\\","\\n\\","\\n\\","<label>stderr and stdout</label>\\n\\","<textarea class=\"resettable\" id=\"outputTextareaStdout1\" readonly></textarea>\\n\\","<!-- utility2-comment\\n\\","{{#if isRollup}}\\n\\","<script src=\"assets.app.js\"></script>\\n\\","{{#unless isRollup}}\\n\\","utility2-comment -->\\n\\","<script src=\"assets.utility2.rollup.js\"></script>\\n\\","<script src=\"jsonp.utility2._stateInit?callback=window.utility2._stateInit\"></script>\\n\\","<script src=\"assets.npmtest_cordova_plugin_code_push.rollup.js\"></script>\\n\\","<script src=\"assets.example.js\"></script>\\n\\","<script src=\"assets.test.js\"></script>\\n\\","<!-- utility2-comment\\n\\","{{/if isRollup}}\\n\\","utility2-comment -->\\n\\","<div class=\"utility2FooterDiv\">\\n\\","    [ this app was created with\\n\\","    <a href=\"https://github.com/kaizhu256/node-utility2\" target=\"_blank\">utility2</a>\\n\\","    ]\\n\\","</div>\\n\\","</body>\\n\\","</html>\\n\\","';","        /* jslint-ignore-end */","        if (local.templateRender) {","            local.assetsDict['/'] = local.templateRender(","                local.assetsDict['/assets.index.template.html'],","                {","                    env: local.objectSetDefault(local.env, {","                        npm_package_description: 'the greatest app in the world!',","                        npm_package_name: 'my-app',","                        npm_package_nameAlias: 'my_app',","                        npm_package_version: '0.0.1'","                    })","                }","            );","        } else {","            local.assetsDict['/'] = local.assetsDict['/assets.index.template.html']","                .replace((/\\{\\{env\\.(\\w+?)\\}\\}/g), function (match0, match1) {","                    // jslint-hack","                    String(match0);","                    switch (match1) {","                    case 'npm_package_description':","                        return 'the greatest app in the world!';","                    case 'npm_package_name':","                        return 'my-app';","                    case 'npm_package_nameAlias':","                        return 'my_app';","                    case 'npm_package_version':","                        return '0.0.1';","                    }","                });","        }","        // run the cli","        if (local.global.utility2_rollup || module !== require.main) {","            break;","        }","        local.assetsDict['/assets.example.js'] =","            local.assetsDict['/assets.example.js'] ||","            local.fs.readFileSync(__filename, 'utf8');","        // bug-workaround - long $npm_package_buildCustomOrg","        /* jslint-ignore-begin */","        local.assetsDict['/assets.npmtest_cordova_plugin_code_push.rollup.js'] =","            local.assetsDict['/assets.npmtest_cordova_plugin_code_push.rollup.js'] ||","            local.fs.readFileSync(","                local.npmtest_cordova_plugin_code_push.__dirname + '/lib.npmtest_cordova_plugin_code_push.js',","                'utf8'","            ).replace((/^#!/), '//');","        /* jslint-ignore-end */","        local.assetsDict['/favicon.ico'] = local.assetsDict['/favicon.ico'] || '';","        // if $npm_config_timeout_exit exists,","        // then exit this process after $npm_config_timeout_exit ms","        if (Number(process.env.npm_config_timeout_exit)) {","            setTimeout(process.exit, Number(process.env.npm_config_timeout_exit));","        }","        // start server","        if (local.global.utility2_serverHttp1) {","            break;","        }","        process.env.PORT = process.env.PORT || '8081';","        console.error('server starting on port ' + process.env.PORT);","        local.http.createServer(function (request, response) {","            request.urlParsed = local.url.parse(request.url);","            if (local.assetsDict[request.urlParsed.pathname] !== undefined) {","                response.end(local.assetsDict[request.urlParsed.pathname]);","                return;","            }","            response.statusCode = 404;","            response.end();","        }).listen(process.env.PORT);","        break;","    }","}());",""],"l":{"26":2,"28":2,"33":2,"35":2,"37":2,"38":2,"39":2,"44":1,"51":2,"55":2,"59":2,"61":2,"69":1,"70":2,"76":2,"79":2,"82":2,"83":2,"85":1,"89":2,"92":1,"93":1,"94":1,"96":1,"97":1,"100":1,"101":1,"103":1,"106":1,"108":2,"114":1,"116":1,"118":1,"123":1,"124":2,"125":2,"126":3,"127":3,"128":3,"129":3,"130":1,"133":3,"134":3,"139":3,"143":1,"144":3,"145":1,"149":1,"150":1,"158":1,"160":1,"161":1,"162":1,"164":1,"166":1,"258":1,"259":1,"271":1,"274":6,"275":6,"277":1,"279":2,"281":1,"283":2,"288":1,"289":1,"291":1,"296":1,"303":1,"306":1,"307":1,"310":1,"311":1,"313":1,"314":1,"315":1,"316":1,"317":1,"318":1,"319":1,"321":1,"322":1,"324":1}},"/home/travis/build/npmtest/node-npmtest-cordova-plugin-code-push/node_modules/cordova-plugin-code-push/bin/www/codePush.js":{"path":"/home/travis/build/npmtest/node-npmtest-cordova-plugin-code-push/node_modules/cordova-plugin-code-push/bin/www/codePush.js","s":{"1":1,"2":1,"3":1,"4":1,"5":1,"6":1,"7":1,"8":1,"9":1,"10":0,"11":1,"12":0,"13":1,"14":0,"15":0,"16":0,"17":0,"18":0,"19":0,"20":0,"21":0,"22":0,"23":0,"24":0,"25":0,"26":0,"27":0,"28":0,"29":0,"30":0,"31":0,"32":1,"33":0,"34":0,"35":0,"36":1,"37":0,"38":0,"39":0,"40":0,"41":1,"42":0,"43":0,"44":0,"45":0,"46":0,"47":0,"48":0,"49":0,"50":0,"51":0,"52":0,"53":0,"54":0,"55":0,"56":0,"57":0,"58":0,"59":0,"60":0,"61":0,"62":0,"63":0,"64":0,"65":0,"66":0,"67":0,"68":0,"69":0,"70":0,"71":0,"72":0,"73":0,"74":0,"75":0,"76":0,"77":0,"78":0,"79":0,"80":0,"81":0,"82":0,"83":0,"84":0,"85":0,"86":0,"87":1,"88":0,"89":0,"90":0,"91":0,"92":0,"93":0,"94":0,"95":0,"96":0,"97":0,"98":1,"99":0,"100":0,"101":0,"102":0,"103":0,"104":0,"105":0,"106":0,"107":0,"108":0,"109":0,"110":0,"111":0,"112":0,"113":0,"114":0,"115":0,"116":0,"117":0,"118":0,"119":0,"120":0,"121":0,"122":0,"123":0,"124":0,"125":0,"126":0,"127":0,"128":0,"129":0,"130":0,"131":0,"132":0,"133":0,"134":0,"135":0,"136":0,"137":0,"138":0,"139":0,"140":0,"141":0,"142":0,"143":0,"144":0,"145":0,"146":0,"147":0,"148":0,"149":0,"150":0,"151":0,"152":0,"153":0,"154":1,"155":0,"156":0,"157":0,"158":1,"159":0,"160":0,"161":0,"162":1,"163":1,"164":1,"165":1,"166":1,"167":1,"168":1,"169":1},"b":{"1":[0,0],"2":[0,0,0,0],"3":[0,0],"4":[0,0,0],"5":[0,0],"6":[0,0],"7":[0,0],"8":[0,0],"9":[0,0],"10":[0,0],"11":[0,0],"12":[0,0],"13":[0,0],"14":[0,0],"15":[0,0],"16":[0,0],"17":[0,0],"18":[0,0,0,0,0,0],"19":[0,0],"20":[0,0],"21":[0,0],"22":[0,0],"23":[0,0],"24":[0,0],"25":[0,0],"26":[0,0],"27":[0,0],"28":[0,0],"29":[0,0,0],"30":[0,0],"31":[0,0],"32":[0,0],"33":[0,0],"34":[0,0],"35":[0,0],"36":[0,0],"37":[0,0],"38":[0,0],"39":[0,0],"40":[0,0],"41":[0,0,0],"42":[0,0],"43":[0,0],"44":[0,0],"45":[0,0],"46":[0,0],"47":[1,1]},"f":{"1":1,"2":1,"3":0,"4":0,"5":0,"6":0,"7":0,"8":0,"9":0,"10":0,"11":0,"12":0,"13":0,"14":0,"15":0,"16":0,"17":0,"18":0,"19":0,"20":0,"21":0,"22":0,"23":0,"24":0,"25":0,"26":0,"27":0,"28":0,"29":0,"30":0,"31":0,"32":0,"33":0,"34":1},"fnMap":{"1":{"name":"(anonymous_1)","line":17,"loc":{"start":{"line":17,"column":16},"end":{"line":17,"column":28}}},"2":{"name":"CodePush","line":18,"loc":{"start":{"line":18,"column":4},"end":{"line":18,"column":24}}},"3":{"name":"(anonymous_3)","line":20,"loc":{"start":{"line":20,"column":48},"end":{"line":20,"column":89}}},"4":{"name":"(anonymous_4)","line":23,"loc":{"start":{"line":23,"column":44},"end":{"line":23,"column":85}}},"5":{"name":"(anonymous_5)","line":26,"loc":{"start":{"line":26,"column":38},"end":{"line":26,"column":140}}},"6":{"name":"(anonymous_6)","line":31,"loc":{"start":{"line":31,"column":40},"end":{"line":31,"column":69}}},"7":{"name":"(anonymous_7)","line":39,"loc":{"start":{"line":39,"column":25},"end":{"line":39,"column":42}}},"8":{"name":"(anonymous_8)","line":69,"loc":{"start":{"line":69,"column":43},"end":{"line":69,"column":83}}},"9":{"name":"(anonymous_9)","line":70,"loc":{"start":{"line":70,"column":38},"end":{"line":70,"column":63}}},"10":{"name":"(anonymous_10)","line":75,"loc":{"start":{"line":75,"column":43},"end":{"line":75,"column":83}}},"11":{"name":"(anonymous_11)","line":76,"loc":{"start":{"line":76,"column":38},"end":{"line":76,"column":63}}},"12":{"name":"(anonymous_12)","line":85,"loc":{"start":{"line":85,"column":40},"end":{"line":85,"column":91}}},"13":{"name":"(anonymous_13)","line":87,"loc":{"start":{"line":87,"column":27},"end":{"line":87,"column":79}}},"14":{"name":"(anonymous_14)","line":92,"loc":{"start":{"line":92,"column":38},"end":{"line":92,"column":50}}},"15":{"name":"(anonymous_15)","line":103,"loc":{"start":{"line":103,"column":84},"end":{"line":103,"column":109}}},"16":{"name":"(anonymous_16)","line":124,"loc":{"start":{"line":124,"column":30},"end":{"line":124,"column":42}}},"17":{"name":"(anonymous_17)","line":125,"loc":{"start":{"line":125,"column":42},"end":{"line":125,"column":83}}},"18":{"name":"(anonymous_18)","line":130,"loc":{"start":{"line":130,"column":64},"end":{"line":130,"column":88}}},"19":{"name":"(anonymous_19)","line":131,"loc":{"start":{"line":131,"column":64},"end":{"line":131,"column":112}}},"20":{"name":"(anonymous_20)","line":138,"loc":{"start":{"line":138,"column":27},"end":{"line":138,"column":44}}},"21":{"name":"(anonymous_21)","line":148,"loc":{"start":{"line":148,"column":47},"end":{"line":148,"column":99}}},"22":{"name":"(anonymous_22)","line":163,"loc":{"start":{"line":163,"column":30},"end":{"line":163,"column":85}}},"23":{"name":"(anonymous_23)","line":169,"loc":{"start":{"line":169,"column":54},"end":{"line":169,"column":72}}},"24":{"name":"(anonymous_24)","line":186,"loc":{"start":{"line":186,"column":38},"end":{"line":186,"column":93}}},"25":{"name":"(anonymous_25)","line":204,"loc":{"start":{"line":204,"column":22},"end":{"line":204,"column":39}}},"26":{"name":"(anonymous_26)","line":208,"loc":{"start":{"line":208,"column":31},"end":{"line":208,"column":54}}},"27":{"name":"(anonymous_27)","line":224,"loc":{"start":{"line":224,"column":32},"end":{"line":224,"column":56}}},"28":{"name":"(anonymous_28)","line":228,"loc":{"start":{"line":228,"column":39},"end":{"line":228,"column":64}}},"29":{"name":"(anonymous_29)","line":232,"loc":{"start":{"line":232,"column":23},"end":{"line":232,"column":48}}},"30":{"name":"(anonymous_30)","line":250,"loc":{"start":{"line":250,"column":58},"end":{"line":250,"column":70}}},"31":{"name":"(anonymous_31)","line":253,"loc":{"start":{"line":253,"column":49},"end":{"line":253,"column":72}}},"32":{"name":"(anonymous_32)","line":278,"loc":{"start":{"line":278,"column":47},"end":{"line":278,"column":59}}},"33":{"name":"(anonymous_33)","line":291,"loc":{"start":{"line":291,"column":55},"end":{"line":291,"column":67}}},"34":{"name":"(anonymous_34)","line":309,"loc":{"start":{"line":309,"column":1},"end":{"line":309,"column":25}}}},"statementMap":{"1":{"start":{"line":11,"column":0},"end":{"line":11,"column":45}},"2":{"start":{"line":12,"column":0},"end":{"line":12,"column":47}},"3":{"start":{"line":13,"column":0},"end":{"line":13,"column":45}},"4":{"start":{"line":14,"column":0},"end":{"line":14,"column":47}},"5":{"start":{"line":15,"column":0},"end":{"line":15,"column":27}},"6":{"start":{"line":16,"column":0},"end":{"line":16,"column":41}},"7":{"start":{"line":17,"column":0},"end":{"line":307,"column":5}},"8":{"start":{"line":18,"column":4},"end":{"line":19,"column":5}},"9":{"start":{"line":20,"column":4},"end":{"line":22,"column":6}},"10":{"start":{"line":21,"column":8},"end":{"line":21,"column":94}},"11":{"start":{"line":23,"column":4},"end":{"line":25,"column":6}},"12":{"start":{"line":24,"column":8},"end":{"line":24,"column":90}},"13":{"start":{"line":26,"column":4},"end":{"line":68,"column":6}},"14":{"start":{"line":27,"column":8},"end":{"line":30,"column":9}},"15":{"start":{"line":29,"column":12},"end":{"line":29,"column":19}},"16":{"start":{"line":31,"column":8},"end":{"line":38,"column":10}},"17":{"start":{"line":32,"column":12},"end":{"line":37,"column":14}},"18":{"start":{"line":39,"column":8},"end":{"line":56,"column":10}},"19":{"start":{"line":40,"column":12},"end":{"line":47,"column":14}},"20":{"start":{"line":48,"column":12},"end":{"line":55,"column":13}},"21":{"start":{"line":49,"column":16},"end":{"line":49,"column":120}},"22":{"start":{"line":50,"column":16},"end":{"line":50,"column":83}},"23":{"start":{"line":53,"column":16},"end":{"line":53,"column":90}},"24":{"start":{"line":54,"column":16},"end":{"line":54,"column":86}},"25":{"start":{"line":57,"column":8},"end":{"line":67,"column":9}},"26":{"start":{"line":59,"column":16},"end":{"line":59,"column":161}},"27":{"start":{"line":60,"column":16},"end":{"line":60,"column":22}},"28":{"start":{"line":62,"column":16},"end":{"line":62,"column":201}},"29":{"start":{"line":63,"column":16},"end":{"line":63,"column":22}},"30":{"start":{"line":65,"column":16},"end":{"line":65,"column":198}},"31":{"start":{"line":66,"column":16},"end":{"line":66,"column":22}},"32":{"start":{"line":69,"column":4},"end":{"line":74,"column":6}},"33":{"start":{"line":70,"column":8},"end":{"line":73,"column":11}},"34":{"start":{"line":71,"column":12},"end":{"line":71,"column":113}},"35":{"start":{"line":72,"column":12},"end":{"line":72,"column":93}},"36":{"start":{"line":75,"column":4},"end":{"line":84,"column":6}},"37":{"start":{"line":76,"column":8},"end":{"line":83,"column":11}},"38":{"start":{"line":77,"column":12},"end":{"line":82,"column":13}},"39":{"start":{"line":78,"column":16},"end":{"line":78,"column":110}},"40":{"start":{"line":81,"column":16},"end":{"line":81,"column":37}},"41":{"start":{"line":85,"column":4},"end":{"line":162,"column":6}},"42":{"start":{"line":86,"column":8},"end":{"line":161,"column":9}},"43":{"start":{"line":87,"column":12},"end":{"line":123,"column":14}},"44":{"start":{"line":88,"column":16},"end":{"line":122,"column":17}},"45":{"start":{"line":89,"column":20},"end":{"line":89,"column":72}},"46":{"start":{"line":92,"column":20},"end":{"line":95,"column":22}},"47":{"start":{"line":93,"column":24},"end":{"line":93,"column":70}},"48":{"start":{"line":94,"column":24},"end":{"line":94,"column":59}},"49":{"start":{"line":96,"column":20},"end":{"line":121,"column":21}},"50":{"start":{"line":97,"column":24},"end":{"line":117,"column":25}},"51":{"start":{"line":98,"column":28},"end":{"line":98,"column":154}},"52":{"start":{"line":99,"column":28},"end":{"line":99,"column":42}},"53":{"start":{"line":102,"column":28},"end":{"line":102,"column":82}},"54":{"start":{"line":103,"column":28},"end":{"line":116,"column":31}},"55":{"start":{"line":104,"column":32},"end":{"line":104,"column":65}},"56":{"start":{"line":105,"column":32},"end":{"line":105,"column":77}},"57":{"start":{"line":106,"column":32},"end":{"line":106,"column":69}},"58":{"start":{"line":107,"column":32},"end":{"line":107,"column":79}},"59":{"start":{"line":108,"column":32},"end":{"line":108,"column":79}},"60":{"start":{"line":109,"column":32},"end":{"line":109,"column":79}},"61":{"start":{"line":110,"column":32},"end":{"line":110,"column":67}},"62":{"start":{"line":111,"column":32},"end":{"line":111,"column":79}},"63":{"start":{"line":112,"column":32},"end":{"line":112,"column":79}},"64":{"start":{"line":113,"column":32},"end":{"line":113,"column":69}},"65":{"start":{"line":114,"column":32},"end":{"line":114,"column":109}},"66":{"start":{"line":115,"column":32},"end":{"line":115,"column":69}},"67":{"start":{"line":120,"column":24},"end":{"line":120,"column":38}},"68":{"start":{"line":124,"column":12},"end":{"line":143,"column":14}},"69":{"start":{"line":125,"column":16},"end":{"line":142,"column":34}},"70":{"start":{"line":126,"column":20},"end":{"line":141,"column":21}},"71":{"start":{"line":127,"column":24},"end":{"line":127,"column":80}},"72":{"start":{"line":130,"column":24},"end":{"line":140,"column":27}},"73":{"start":{"line":131,"column":28},"end":{"line":137,"column":31}},"74":{"start":{"line":132,"column":32},"end":{"line":134,"column":33}},"75":{"start":{"line":133,"column":36},"end":{"line":133,"column":83}},"76":{"start":{"line":135,"column":32},"end":{"line":135,"column":80}},"77":{"start":{"line":136,"column":32},"end":{"line":136,"column":105}},"78":{"start":{"line":139,"column":28},"end":{"line":139,"column":80}},"79":{"start":{"line":144,"column":12},"end":{"line":157,"column":13}},"80":{"start":{"line":145,"column":16},"end":{"line":145,"column":30}},"81":{"start":{"line":148,"column":16},"end":{"line":156,"column":19}},"82":{"start":{"line":149,"column":20},"end":{"line":155,"column":21}},"83":{"start":{"line":150,"column":24},"end":{"line":150,"column":89}},"84":{"start":{"line":153,"column":24},"end":{"line":153,"column":61}},"85":{"start":{"line":154,"column":24},"end":{"line":154,"column":38}},"86":{"start":{"line":160,"column":12},"end":{"line":160,"column":151}},"87":{"start":{"line":163,"column":4},"end":{"line":185,"column":6}},"88":{"start":{"line":164,"column":8},"end":{"line":184,"column":9}},"89":{"start":{"line":165,"column":12},"end":{"line":165,"column":65}},"90":{"start":{"line":166,"column":12},"end":{"line":166,"column":65}},"91":{"start":{"line":169,"column":12},"end":{"line":181,"column":14}},"92":{"start":{"line":170,"column":16},"end":{"line":179,"column":17}},"93":{"start":{"line":176,"column":24},"end":{"line":176,"column":56}},"94":{"start":{"line":178,"column":24},"end":{"line":178,"column":30}},"95":{"start":{"line":180,"column":16},"end":{"line":180,"column":53}},"96":{"start":{"line":182,"column":12},"end":{"line":182,"column":43}},"97":{"start":{"line":183,"column":12},"end":{"line":183,"column":98}},"98":{"start":{"line":186,"column":4},"end":{"line":277,"column":6}},"99":{"start":{"line":187,"column":8},"end":{"line":202,"column":9}},"100":{"start":{"line":188,"column":12},"end":{"line":188,"column":55}},"101":{"start":{"line":191,"column":12},"end":{"line":191,"column":76}},"102":{"start":{"line":192,"column":12},"end":{"line":199,"column":13}},"103":{"start":{"line":193,"column":16},"end":{"line":198,"column":17}},"104":{"start":{"line":194,"column":20},"end":{"line":194,"column":68}},"105":{"start":{"line":197,"column":20},"end":{"line":197,"column":103}},"106":{"start":{"line":200,"column":12},"end":{"line":200,"column":62}},"107":{"start":{"line":201,"column":12},"end":{"line":201,"column":76}},"108":{"start":{"line":203,"column":8},"end":{"line":203,"column":49}},"109":{"start":{"line":204,"column":8},"end":{"line":207,"column":10}},"110":{"start":{"line":205,"column":12},"end":{"line":205,"column":75}},"111":{"start":{"line":206,"column":12},"end":{"line":206,"column":59}},"112":{"start":{"line":208,"column":8},"end":{"line":223,"column":10}},"113":{"start":{"line":209,"column":12},"end":{"line":221,"column":13}},"114":{"start":{"line":211,"column":20},"end":{"line":211,"column":108}},"115":{"start":{"line":212,"column":20},"end":{"line":212,"column":26}},"116":{"start":{"line":214,"column":20},"end":{"line":219,"column":21}},"117":{"start":{"line":215,"column":24},"end":{"line":215,"column":196}},"118":{"start":{"line":218,"column":24},"end":{"line":218,"column":114}},"119":{"start":{"line":220,"column":20},"end":{"line":220,"column":26}},"120":{"start":{"line":222,"column":12},"end":{"line":222,"column":70}},"121":{"start":{"line":224,"column":8},"end":{"line":227,"column":10}},"122":{"start":{"line":225,"column":12},"end":{"line":225,"column":71}},"123":{"start":{"line":226,"column":12},"end":{"line":226,"column":73}},"124":{"start":{"line":228,"column":8},"end":{"line":231,"column":10}},"125":{"start":{"line":229,"column":12},"end":{"line":229,"column":73}},"126":{"start":{"line":230,"column":12},"end":{"line":230,"column":81}},"127":{"start":{"line":232,"column":8},"end":{"line":274,"column":10}},"128":{"start":{"line":233,"column":12},"end":{"line":233,"column":122}},"129":{"start":{"line":234,"column":12},"end":{"line":273,"column":13}},"130":{"start":{"line":235,"column":16},"end":{"line":237,"column":17}},"131":{"start":{"line":236,"column":20},"end":{"line":236,"column":136}},"132":{"start":{"line":238,"column":16},"end":{"line":238,"column":68}},"133":{"start":{"line":241,"column":16},"end":{"line":241,"column":55}},"134":{"start":{"line":242,"column":16},"end":{"line":245,"column":17}},"135":{"start":{"line":243,"column":20},"end":{"line":243,"column":69}},"136":{"start":{"line":244,"column":20},"end":{"line":244,"column":82}},"137":{"start":{"line":246,"column":16},"end":{"line":272,"column":17}},"138":{"start":{"line":247,"column":20},"end":{"line":249,"column":57}},"139":{"start":{"line":250,"column":20},"end":{"line":250,"column":175}},"140":{"start":{"line":250,"column":72},"end":{"line":250,"column":112}},"141":{"start":{"line":252,"column":21},"end":{"line":272,"column":17}},"142":{"start":{"line":253,"column":20},"end":{"line":264,"column":22}},"143":{"start":{"line":254,"column":24},"end":{"line":263,"column":25}},"144":{"start":{"line":256,"column":32},"end":{"line":256,"column":72}},"145":{"start":{"line":257,"column":32},"end":{"line":257,"column":38}},"146":{"start":{"line":260,"column":32},"end":{"line":260,"column":86}},"147":{"start":{"line":261,"column":32},"end":{"line":261,"column":88}},"148":{"start":{"line":262,"column":32},"end":{"line":262,"column":38}},"149":{"start":{"line":265,"column":20},"end":{"line":267,"column":56}},"150":{"start":{"line":268,"column":20},"end":{"line":268,"column":178}},"151":{"start":{"line":271,"column":20},"end":{"line":271,"column":60}},"152":{"start":{"line":275,"column":8},"end":{"line":275,"column":69}},"153":{"start":{"line":276,"column":8},"end":{"line":276,"column":85}},"154":{"start":{"line":278,"column":4},"end":{"line":290,"column":6}},"155":{"start":{"line":279,"column":8},"end":{"line":288,"column":9}},"156":{"start":{"line":280,"column":12},"end":{"line":287,"column":14}},"157":{"start":{"line":289,"column":8},"end":{"line":289,"column":43}},"158":{"start":{"line":291,"column":4},"end":{"line":305,"column":6}},"159":{"start":{"line":292,"column":8},"end":{"line":303,"column":9}},"160":{"start":{"line":293,"column":12},"end":{"line":302,"column":14}},"161":{"start":{"line":304,"column":8},"end":{"line":304,"column":51}},"162":{"start":{"line":306,"column":4},"end":{"line":306,"column":20}},"163":{"start":{"line":308,"column":0},"end":{"line":308,"column":17}},"164":{"start":{"line":309,"column":0},"end":{"line":313,"column":40}},"165":{"start":{"line":310,"column":4},"end":{"line":310,"column":70}},"166":{"start":{"line":311,"column":4},"end":{"line":311,"column":76}},"167":{"start":{"line":312,"column":4},"end":{"line":312,"column":80}},"168":{"start":{"line":314,"column":0},"end":{"line":314,"column":30}},"169":{"start":{"line":315,"column":0},"end":{"line":315,"column":26}}},"branchMap":{"1":{"line":27,"type":"if","locations":[{"start":{"line":27,"column":8},"end":{"line":27,"column":8}},{"start":{"line":27,"column":8},"end":{"line":27,"column":8}}]},"2":{"line":27,"type":"binary-expr","locations":[{"start":{"line":27,"column":14},"end":{"line":27,"column":20}},{"start":{"line":27,"column":24},"end":{"line":27,"column":64}},{"start":{"line":27,"column":69},"end":{"line":27,"column":104}},{"start":{"line":28,"column":15},"end":{"line":28,"column":54}}]},"3":{"line":48,"type":"if","locations":[{"start":{"line":48,"column":12},"end":{"line":48,"column":12}},{"start":{"line":48,"column":12},"end":{"line":48,"column":12}}]},"4":{"line":57,"type":"switch","locations":[{"start":{"line":58,"column":12},"end":{"line":60,"column":22}},{"start":{"line":61,"column":12},"end":{"line":63,"column":22}},{"start":{"line":64,"column":12},"end":{"line":66,"column":22}}]},"5":{"line":71,"type":"cond-expr","locations":[{"start":{"line":71,"column":50},"end":{"line":71,"column":81}},{"start":{"line":71,"column":84},"end":{"line":71,"column":112}}]},"6":{"line":77,"type":"if","locations":[{"start":{"line":77,"column":12},"end":{"line":77,"column":12}},{"start":{"line":77,"column":12},"end":{"line":77,"column":12}}]},"7":{"line":88,"type":"if","locations":[{"start":{"line":88,"column":16},"end":{"line":88,"column":16}},{"start":{"line":88,"column":16},"end":{"line":88,"column":16}}]},"8":{"line":94,"type":"binary-expr","locations":[{"start":{"line":94,"column":24},"end":{"line":94,"column":36}},{"start":{"line":94,"column":40},"end":{"line":94,"column":58}}]},"9":{"line":96,"type":"if","locations":[{"start":{"line":96,"column":20},"end":{"line":96,"column":20}},{"start":{"line":96,"column":20},"end":{"line":96,"column":20}}]},"10":{"line":97,"type":"if","locations":[{"start":{"line":97,"column":24},"end":{"line":97,"column":24}},{"start":{"line":97,"column":24},"end":{"line":97,"column":24}}]},"11":{"line":115,"type":"binary-expr","locations":[{"start":{"line":115,"column":32},"end":{"line":115,"column":44}},{"start":{"line":115,"column":48},"end":{"line":115,"column":68}}]},"12":{"line":126,"type":"if","locations":[{"start":{"line":126,"column":20},"end":{"line":126,"column":20}},{"start":{"line":126,"column":20},"end":{"line":126,"column":20}}]},"13":{"line":132,"type":"if","locations":[{"start":{"line":132,"column":32},"end":{"line":132,"column":32}},{"start":{"line":132,"column":32},"end":{"line":132,"column":32}}]},"14":{"line":144,"type":"if","locations":[{"start":{"line":144,"column":12},"end":{"line":144,"column":12}},{"start":{"line":144,"column":12},"end":{"line":144,"column":12}}]},"15":{"line":149,"type":"if","locations":[{"start":{"line":149,"column":20},"end":{"line":149,"column":20}},{"start":{"line":149,"column":20},"end":{"line":149,"column":20}}]},"16":{"line":164,"type":"if","locations":[{"start":{"line":164,"column":8},"end":{"line":164,"column":8}},{"start":{"line":164,"column":8},"end":{"line":164,"column":8}}]},"17":{"line":166,"type":"binary-expr","locations":[{"start":{"line":166,"column":12},"end":{"line":166,"column":24}},{"start":{"line":166,"column":28},"end":{"line":166,"column":64}}]},"18":{"line":170,"type":"switch","locations":[{"start":{"line":171,"column":20},"end":{"line":171,"column":42}},{"start":{"line":172,"column":20},"end":{"line":172,"column":48}},{"start":{"line":173,"column":20},"end":{"line":173,"column":47}},{"start":{"line":174,"column":20},"end":{"line":174,"column":51}},{"start":{"line":175,"column":20},"end":{"line":176,"column":56}},{"start":{"line":177,"column":20},"end":{"line":178,"column":30}}]},"19":{"line":180,"type":"binary-expr","locations":[{"start":{"line":180,"column":16},"end":{"line":180,"column":28}},{"start":{"line":180,"column":32},"end":{"line":180,"column":52}}]},"20":{"line":187,"type":"if","locations":[{"start":{"line":187,"column":8},"end":{"line":187,"column":8}},{"start":{"line":187,"column":8},"end":{"line":187,"column":8}}]},"21":{"line":192,"type":"if","locations":[{"start":{"line":192,"column":12},"end":{"line":192,"column":12}},{"start":{"line":192,"column":12},"end":{"line":192,"column":12}}]},"22":{"line":193,"type":"if","locations":[{"start":{"line":193,"column":16},"end":{"line":193,"column":16}},{"start":{"line":193,"column":16},"end":{"line":193,"column":16}}]},"23":{"line":206,"type":"binary-expr","locations":[{"start":{"line":206,"column":12},"end":{"line":206,"column":24}},{"start":{"line":206,"column":28},"end":{"line":206,"column":58}}]},"24":{"line":209,"type":"switch","locations":[{"start":{"line":210,"column":16},"end":{"line":212,"column":26}},{"start":{"line":213,"column":16},"end":{"line":220,"column":26}}]},"25":{"line":214,"type":"if","locations":[{"start":{"line":214,"column":20},"end":{"line":214,"column":20}},{"start":{"line":214,"column":20},"end":{"line":214,"column":20}}]},"26":{"line":222,"type":"binary-expr","locations":[{"start":{"line":222,"column":12},"end":{"line":222,"column":24}},{"start":{"line":222,"column":28},"end":{"line":222,"column":69}}]},"27":{"line":225,"type":"binary-expr","locations":[{"start":{"line":225,"column":12},"end":{"line":225,"column":24}},{"start":{"line":225,"column":28},"end":{"line":225,"column":70}}]},"28":{"line":229,"type":"binary-expr","locations":[{"start":{"line":229,"column":12},"end":{"line":229,"column":24}},{"start":{"line":229,"column":28},"end":{"line":229,"column":72}}]},"29":{"line":233,"type":"binary-expr","locations":[{"start":{"line":233,"column":40},"end":{"line":233,"column":53}},{"start":{"line":233,"column":58},"end":{"line":233,"column":85}},{"start":{"line":233,"column":89},"end":{"line":233,"column":120}}]},"30":{"line":234,"type":"if","locations":[{"start":{"line":234,"column":12},"end":{"line":234,"column":12}},{"start":{"line":234,"column":12},"end":{"line":234,"column":12}}]},"31":{"line":234,"type":"binary-expr","locations":[{"start":{"line":234,"column":16},"end":{"line":234,"column":30}},{"start":{"line":234,"column":34},"end":{"line":234,"column":55}}]},"32":{"line":235,"type":"if","locations":[{"start":{"line":235,"column":16},"end":{"line":235,"column":16}},{"start":{"line":235,"column":16},"end":{"line":235,"column":16}}]},"33":{"line":238,"type":"binary-expr","locations":[{"start":{"line":238,"column":16},"end":{"line":238,"column":28}},{"start":{"line":238,"column":32},"end":{"line":238,"column":67}}]},"34":{"line":242,"type":"if","locations":[{"start":{"line":242,"column":16},"end":{"line":242,"column":16}},{"start":{"line":242,"column":16},"end":{"line":242,"column":16}}]},"35":{"line":244,"type":"binary-expr","locations":[{"start":{"line":244,"column":20},"end":{"line":244,"column":32}},{"start":{"line":244,"column":36},"end":{"line":244,"column":81}}]},"36":{"line":246,"type":"if","locations":[{"start":{"line":246,"column":16},"end":{"line":246,"column":16}},{"start":{"line":246,"column":16},"end":{"line":246,"column":16}}]},"37":{"line":246,"type":"binary-expr","locations":[{"start":{"line":246,"column":20},"end":{"line":246,"column":45}},{"start":{"line":246,"column":49},"end":{"line":246,"column":73}}]},"38":{"line":247,"type":"cond-expr","locations":[{"start":{"line":248,"column":24},"end":{"line":248,"column":110}},{"start":{"line":249,"column":26},"end":{"line":249,"column":56}}]},"39":{"line":252,"type":"if","locations":[{"start":{"line":252,"column":21},"end":{"line":252,"column":21}},{"start":{"line":252,"column":21},"end":{"line":252,"column":21}}]},"40":{"line":252,"type":"binary-expr","locations":[{"start":{"line":252,"column":25},"end":{"line":252,"column":51}},{"start":{"line":252,"column":55},"end":{"line":252,"column":79}}]},"41":{"line":254,"type":"switch","locations":[{"start":{"line":255,"column":28},"end":{"line":257,"column":38}},{"start":{"line":258,"column":28},"end":{"line":258,"column":35}},{"start":{"line":259,"column":28},"end":{"line":262,"column":38}}]},"42":{"line":261,"type":"binary-expr","locations":[{"start":{"line":261,"column":32},"end":{"line":261,"column":44}},{"start":{"line":261,"column":48},"end":{"line":261,"column":87}}]},"43":{"line":265,"type":"cond-expr","locations":[{"start":{"line":266,"column":24},"end":{"line":266,"column":109}},{"start":{"line":267,"column":26},"end":{"line":267,"column":55}}]},"44":{"line":275,"type":"binary-expr","locations":[{"start":{"line":275,"column":8},"end":{"line":275,"column":20}},{"start":{"line":275,"column":24},"end":{"line":275,"column":68}}]},"45":{"line":279,"type":"if","locations":[{"start":{"line":279,"column":8},"end":{"line":279,"column":8}},{"start":{"line":279,"column":8},"end":{"line":279,"column":8}}]},"46":{"line":292,"type":"if","locations":[{"start":{"line":292,"column":8},"end":{"line":292,"column":8}},{"start":{"line":292,"column":8},"end":{"line":292,"column":8}}]},"47":{"line":313,"type":"binary-expr","locations":[{"start":{"line":313,"column":3},"end":{"line":313,"column":15}},{"start":{"line":313,"column":20},"end":{"line":313,"column":37}}]}},"code":[""," /******************************************************************************************** "," \t THIS FILE HAS BEEN COMPILED FROM TYPESCRIPT SOURCES. "," \t PLEASE DO NOT MODIFY THIS FILE DIRECTLY AS YOU WILL LOSE YOUR CHANGES WHEN RECOMPILING. "," \t INSTEAD, EDIT THE TYPESCRIPT SOURCES UNDER THE WWW FOLDER, AND THEN RUN GULP. "," \t FOR MORE INFORMATION, PLEASE SEE CONTRIBUTING.md. "," *********************************************************************************************/ ","","","\"use strict\";","var LocalPackage = require(\"./localPackage\");","var RemotePackage = require(\"./remotePackage\");","var CodePushUtil = require(\"./codePushUtil\");","var NativeAppInfo = require(\"./nativeAppInfo\");","var Sdk = require(\"./sdk\");","var SyncStatus = require(\"./syncStatus\");","var CodePush = (function () {","    function CodePush() {","    }","    CodePush.prototype.notifyApplicationReady = function (notifySucceeded, notifyFailed) {","        cordova.exec(notifySucceeded, notifyFailed, \"CodePush\", \"notifyApplicationReady\", []);","    };","    CodePush.prototype.restartApplication = function (installSuccess, errorCallback) {","        cordova.exec(installSuccess, errorCallback, \"CodePush\", \"restartApplication\", []);","    };","    CodePush.prototype.reportStatus = function (status, label, appVersion, deploymentKey, previousLabelOrAppVersion, previousDeploymentKey) {","        if (((!label && appVersion === previousLabelOrAppVersion) || label === previousLabelOrAppVersion)","            && deploymentKey === previousDeploymentKey) {","            return;","        }","        var createPackageForReporting = function (label, appVersion) {","            return {","                label: label, appVersion: appVersion, deploymentKey: deploymentKey,","                description: null, isMandatory: false,","                packageHash: null, packageSize: null,","                failedInstall: false","            };","        };","        var reportDone = function (error) {","            var reportArgs = {","                status: status,","                label: label,","                appVersion: appVersion,","                deploymentKey: deploymentKey,","                previousLabelOrAppVersion: previousLabelOrAppVersion,","                previousDeploymentKey: previousDeploymentKey","            };","            if (error) {","                CodePushUtil.logError(\"An error occurred while reporting status: \" + JSON.stringify(reportArgs), error);","                cordova.exec(null, null, \"CodePush\", \"reportFailed\", [reportArgs]);","         
[...]
.readyState === 4) {","                var response = { statusCode: xhr.status, body: xhr.responseText };","                requestCallback && requestCallback(null, response);","            }","        };","        xhr.open(methodName, url, true);","        if (this.contentType) {","            xhr.setRequestHeader(\"Content-Type\", this.contentType);","        }","        xhr.setRequestHeader(\"X-CodePush-Plugin-Name\", \"cordova-plugin-code-push\");","        xhr.setRequestHeader(\"X-CodePush-Plugin-Version\", cordova.require(\"cordova/plugin_list\").metadata[\"cordova-plugin-code-push\"]);","        xhr.setRequestHeader(\"X-CodePush-SDK-Version\", cordova.require(\"cordova/plugin_list\").metadata[\"code-push\"]);","        xhr.send(requestBody);","    };","    HttpRequester.prototype.getHttpMethodName = function (verb) {","        switch (verb) {","            case 0:","                return \"GET\";","            case 7:","                return \"CONNECT\";","            case 4:","                return \"DELETE\";","            case 1:","                return \"HEAD\";","            case 6:","                return \"OPTIONS\";","            case 8:","                return \"PATCH\";","            case 2:","                return \"POST\";","            case 3:","                return \"PUT\";","            case 5:","                return \"TRACE\";","            default:","                return null;","        }","    };","    return HttpRequester;","}());","module.exports = HttpRequester;",""],"l":{"11":1,"12":1,"13":0,"15":1,"16":0,"17":0,"18":0,"19":0,"21":0,"22":0,"24":0,"25":0,"26":0,"27":0,"28":0,"29":0,"32":0,"33":0,"34":0,"36":0,"37":0,"38":0,"39":0,"41":1,"42":0,"44":0,"46":0,"48":0,"50":0,"52":0,"54":0,"56":0,"58":0,"60":0,"62":0,"65":1,"67":1}},"/home/travis/build/npmtest/node-npmtest-cordova-plugin-code-push/node_modules/cordova-plugin-code-push/bin/www/remotePackage.js":{"path":"/home/travis/build/npmtest/node-npmtest-cordova-plugin-code-push/node_modules/cordova-plugin-code-push/bin/www/remotePackage.js","s":{"1":1,"2":1,"3":0,"4":0,"5":1,"6":1,"7":1,"8":1,"9":1,"10":1,"11":1,"12":1,"13":1,"14":1,"15":1,"16":0,"17":1,"18":0,"19":0,"20":0,"21":0,"22":0,"23":0,"24":0,"25":0,"26":0,"27":0,"28":0,"29":0,"30":0,"31":0,"32":0,"33":0,"34":0,"35":0,"36":0,"37":0,"38":0,"39":0,"40":0,"41":0,"42":0,"43":0,"44":0,"45":0,"46":0,"47":0,"48":0,"49":0,"50":0,"51":1,"52":0,"53":0,"54":0,"55":0,"56":0,"57":1,"58":1},"b":{"1":[1,1,1],"2":[0,0],"3":[0,1],"4":[0,0],"5":[0,0],"6":[0,0],"7":[0,0],"8":[0,0],"9":[0,0],"10":[0,0],"11":[0,0]},"f":{"1":1,"2":1,"3":1,"4":0,"5":0,"6":0,"7":0,"8":0,"9":0,"10":0,"11":0,"12":0},"fnMap":{"1":{"name":"(anonymous_1)","line":11,"loc":{"start":{"line":11,"column":44},"end":{"line":11,"column":60}}},"2":{"name":"__","line":13,"loc":{"start":{"line":13,"column":4},"end":{"line":13,"column":18}}},"3":{"name":"(anonymous_3)","line":21,"loc":{"start":{"line":21,"column":21},"end":{"line":21,"column":39}}},"4":{"name":"RemotePackage","line":23,"loc":{"start":{"line":23,"column":4},"end":{"line":23,"column":29}}},"5":{"name":"(anonymous_5)","line":26,"loc":{"start":{"line":26,"column":39},"end":{"line":26,"column":99}}},"6":{"name":"(anonymous_6)","line":35,"loc":{"start":{"line":35,"column":38},"end":{"line":35,"column":59}}},"7":{"name":"(anonymous_7)","line":37,"loc":{"start":{"line":37,"column":35},"end":{"line":37,"column":51}}},"8":{"name":"(anonymous_8)","line":38,"loc":{"start":{"line":38,"column":72},"end":{"line":38,"column":97}}},"9":{"name":"(anonymous_9)","line":53,"loc":{"start":{"line":53,"column":23},"end":{"line":53,"column":44}}},"10":{"name":"(anonymous_10)","line":57,"loc":{"start":{"line":57,"column":36},"end":{"line":57,"column":53}}},"11":{"name":"(anonymous_11)","line":61,"loc":{"start":{"line":61,"column":54},"end":{"line":61,"column":79}}},"12":{"name":"(anonymous_12)","line":74,"loc":{"start":{"line":74,"column":44},"end":{"line":74,"column":80}}}},"statementMap":{"1":{"start":{"line":11,"column":0},"end":{"line":15,"column":2}},"2":{"start":{"line":12,"column":4},"end":{"line":12,"column":58}},"3":{"start":{"line":12,"column":21},"end":{"line":12,"column":58}},"4":{"start":{"line":12,"column":46},"end":{"line":12,"column":58}},"5":{"start":{"line":13,"column":4},"end":{"line":13,"column":43}},"6":{"start":{"line":13,"column":20},"end":{"line":13,"column":41}},"7":{"start":{"line":14,"column":4},"end":{"line":14,"column":89}},"8":{"start":{"line":16,"column":0},"end":{"line":16,"column":45}},"9":{"start":{"line":17,"column":0},"end":{"line":17,"column":35}},"10":{"start":{"line":18,"column":0},"end":{"line":18,"column":47}},"11":{"start":{"line":19,"column":0},"end":{"line":19,"column":45}},"12":{"start":{"line":20,"column":0},"end":{"line":20,"column":27}},"13":{"start":{"line":21,"column":0},"end":{"line":86,"column":12}},"14":{"start":{"line":22,"column":4},"end":{"line":22,"column":37}},"15":{"start":{"line":23,"column":4},"end":{"line":25,"column":5}},"16":{"start":{"line":24,"column":8},"end":{"line":24,"column":38}},"17":{"start":{"line":26,"column":4},"end":{"line":73,"column":6}},"18":{"start":{"line":27,"column":8},"end":{"line":27,"column":25}},"19":{"start":{"line":28,"column":8},"end":{"line":72,"column":9}},"20":{"start":{"line":29,"column":12},"end":{"line":29,"column":58}},"21":{"start":{"line":30,"column":12},"end":{"line":68,"column":13}},"22":{"start":{"line":31,"column":16},"end":{"line":31,"column":130}},"23":{"start":{"line":34,"column":16},"end":{"line":34,"column":62}},"24":{"start":{"line":35,"column":16},"end":{"line":56,"column":18}},"25":{"start":{"line":36,"column":20},"end":{"line":36,"column":53}},"26":{"start":{"line":37,"column":20},"end":{"line":55,"column":23}},"27":{"start":{"line":38,"column":24},"end":{"line":52,"column":27}},"28":{"start":{"line":39,"column":28},"end":{"line":39,"column":66}},"29":{"start":{"line":40,"column":28},"end":{"line":40,"column":77}},"30":{"start":{"line":41,"column":28},"end":{"line":41,"column":73}},"31":{"start":{"line":42,"column":28},"end":{"line":42,"column":61}},"32":{"start":{"line":43,"column":28},"end":{"line":43,"column":71}},"33":{"start":{"line":44,"column":28},"end":{"line":44,"column":73}},"34":{"start":{"line":45,"column":28},"end":{"line":45,"column":73}},"35":{"start":{"line":46,"column":28},"end":{"line":46,"column":60}},"36":{"start":{"line":47,"column":28},"end":{"line":47,"column":71}},"37":{"start":{"line":48,"column":28},"end":{"line":48,"column":79}},"38":{"start":{"line":49,"column":28},"end":{"line":49,"column":113}},"39":{"start":{"line":50,"column":28},"end":{"line":50,"column":77}},"40":{"start":{"line":51,"column":28},"end":{"line":51,"column":95}},"41":{"start":{"line":54,"column":24},"end":{"line":54,"column":148}},"42":{"start":{"line":57,"column":16},"end":{"line":60,"column":18}},"43":{"start":{"line":58,"column":20},"end":{"line":58,"column":53}},"44":{"start":{"line":59,"column":20},"end":{"line":59,"column":91}},"45":{"start":{"line":61,"column":16},"end":{"line":66,"column":18}},"46":{"start":{"line":62,"column":20},"end":{"line":65,"column":21}},"47":{"start":{"line":63,"column":24},"end":{"line":63,"column":106}},"48":{"start":{"line":64,"column":24},"end":{"line":64,"column":45}},"49":{"start":{"line":67,"column":16},"end":{"line":67,"column":204}},"50":{"start":{"line":71,"column":12},"end":{"line":71,"column":159}},"51":{"start":{"line":74,"column":4},"end":{"line":84,"column":6}},"52":{"start":{"line":75,"column":8},"end":{"line":83,"column":9}},"53":{"start":{"line":76,"column":12},"end":{"line":79,"column":13}},"54":{"start":{"line":77,"column":16},"end":{"line":77,"column":49}},"55":{"start":{"line":78,"column":16},"end":{"line":78,"column":47}},"56":{"start":{"line":82,"column":12},"end":{"line":82,"column":40}},"57":{"start":{"line":85,"column":4},"end":{"line":85,"column":25}},"58":{"start":{"line":87,"column":0},"end":{"line":87,"column":31}}},"branchMap":{"1":{"line":11,"type":"binary-expr","locations":[{"start":{"line":11,"column":17},"end":{"line":11,"column":21}},{"start":{"line":11,"column":25},"end":{"line":11,"column":39}},{"start":{"line":11,"column":44},"end":{"line":15,"column":1}}]},"2":{"line":12,"type":"if","locations":[{"start":{"line":12,"column":21},"end":{"line":12,"column":21}},{"start":{"line":12,"column":21},"end":{"line":12,"column":21}}]},"3":{"line":14,"type":"cond-expr","locations":[{"start":{"line":14,"column":31},"end":{"line":14,"column":47}},{"start":{"line":14,"column":51},"end":{"line":14,"column":87}}]},"4":{"line":30,"type":"if","locations":[{"start":{"line":30,"column":12},"end":{"line":30,"column":12}},{"start":{"line":30,"column":12},"end":{"line":30,"column":12}}]},"5":{"line":50,"type":"binary-expr","locations":[{"start":{"line":50,"column":28},"end":{"line":50,"column":43}},{"start":{"line":50,"column":47},"end":{"line":50,"column":76}}]},"6":{"line":62,"type":"if","locations":[{"start":{"line":62,"column":20},"end":{"line":62,"column":20}},{"start":{"line":62,"column":20},"end":{"line":62,"column":20}}]},"7":{"line":71,"type":"cond-expr","locations":[{"start":{"line":71,"column":127},"end":{"line":71,"column":136}},{"start":{"line":71,"column":139},"end":{"line":71,"column":141}}]},"8":{"line":71,"type":"binary-expr","locations":[{"start":{"line":71,"column":109},"end":{"line":71,"column":110}},{"start":{"line":71,"column":114},"end":{"line":71,"column":123}}]},"9":{"line":76,"type":"if","locations":[{"start":{"line":76,"column":12},"end":{"line":76,"column":12}},{"start":{"line":76,"column":12},"end":{"line":76,"column":12}}]},"10":{"line":78,"type":"binary-expr","locations":[{"start":{"line":78,"column":16},"end":{"line":78,"column":28}},{"start":{"line":78,"column":32},"end":{"line":78,"column":46}}]},"11":{"line":82,"type":"binary-expr","locations":[{"start":{"line":82,"column":12},"end":{"line":82,"column":22}},{"start":{"line":82,"column":26},"end":{"line":82,"column":39}}]}},"code":[""," /******************************************************************************************** "," \t THIS FILE HAS BEEN COMPILED FROM TYPESCRIPT SOURCES. "," \t PLEASE DO NOT MODIFY THIS FILE DIRECTLY AS YOU WILL LOSE YOUR CHANGES WHEN RECOMPILING. "," \t INSTEAD, EDIT THE TYPESCRIPT SOURCES UNDER THE WWW FOLDER, AND THEN RUN GULP. "," \t FOR MORE INFORMATION, PLEASE SEE CONTRIBUTING.md. "," *********************************************************************************************/ ","","","\"use strict\";","var __extends = (this && this.__extends) || function (d, b) {","    for (var p in b) if (b.hasOwnProperty(p)) d[p] = b[p];","    function __() { this.constructor = d; }","    d.prototype = b === null ? Object.create(b) : (__.prototype = b.prototype, new __());","};","var LocalPackage = require(\"./localPackage\");","var Package = require(\"./package\");","var NativeAppInfo = require(\"./nativeAppInfo\");","var CodePushUtil = require(\"./codePushUtil\");","var Sdk = require(\"./sdk\");","var RemotePackage = (function (_super) {","    __extends(RemotePackage, _super);","    function RemotePackage() {","        _super.apply(this, arguments);","    }","    RemotePackage.prototype.download = function (successCallback, errorCallback, downloadProgress) {","        var _this = this;","        try {","            CodePushUtil.logMessage(\"Downloading update\");","            if (!this.downloadUrl) {","                CodePushUtil.invokeErrorCallback(new Error(\"The remote package does not contain a download URL.\"), errorCallback);","            }","            else {","                this.currentFileTransfer = new FileTransfer();","                var downloadSuccess = function (fileEntry) {","                    _this.currentFileTransfer = null;","                    fileEntry.file(function (file) {","                        NativeAppInfo.isFailedUpdate(_this.packageHash, function (installFailed) {","                            var localPackage = new LocalPackage();","                            localPackage.deploymentKey = _this.deploymentKey;","                            localPackage.description = _this.description;","                            localPackage.label = _this.label;","                            localPackage.appVersion = _this.appVersion;","                            localPackage.isMandatory = _this.isMandatory;","                            localPackage.packageHash = _this.packageHash;","                            localPackage.isFirstRun = false;","                            localPackage.failedInstall = installFailed;","                            localPackage.localPath = fileEntry.toInternalURL();","                            CodePushUtil.logMessage(\"Package download success: \" + JSON.stringify(localPackage));","                            successCallback && successCallback(localPackage);","                            Sdk.reportStatusDownload(localPackage, localPackage.deploymentKey);","                        });","                    }, function (fileError) {","                        CodePushUtil.invokeErrorCallback(new Error(\"Could not access local package. Error code: \" + fileError.code), errorCallback);","                    });","                };","                var downloadError = function (error) {","                    _this.currentFileTransfer = null;","                    CodePushUtil.invokeErrorCallback(new Error(error.body), errorCallback);","                };","                this.currentFileTransfer.onprogress = function (progressEvent) {","                    if (downloadProgress) {","                        var dp = { receivedBytes: progressEvent.loaded, totalBytes: progressEvent.total };","                        downloadProgress(dp);","                    }","                };","                this.currentFileTransfer.download(this.downloadUrl, cordova.file.dataDirectory + LocalPackage.DownloadDir + \"/\" + LocalPackage.PackageUpdateFileName, downloadSuccess, downloadError, true);","            }","        }","        catch (e) {","            CodePushUtil.invokeErrorCallback(new Error(\"An error occured while downloading the package. \" + (e && e.message) ? e.message : \"\"), errorCallback);","        }","    };","    RemotePackage.prototype.abortDownload = function (abortSuccess, abortError) {","        try {","            if (this.currentFileTransfer) {","                this.currentFileTransfer.abort();","                abortSuccess && abortSuccess();","            }","        }","        catch (e) {","            abortError && abortError(e);","        }","    };","    return RemotePackage;","}(Package));","module.exports = RemotePackage;",""],"l":{"11":1,"12":1,"13":1,"14":1,"16":1,"17":1,"18":1,"19":1,"20":1,"21":1,"22":1,"23":1,"24":0,"26":1,"27":0,"28":0,"29":0,"30":0,"31":0,"34":0,"35":0,"36":0,"37":0,"38":0,"39":0,"40":0,"41":0,"42":0,"43":0,"44":0,"45":0,"46":0,"47":0,"48":0,"49":0,"50":0,"51":0,"54":0,"57":0,"58":0,"59":0,"61":0,"62":0,"63":0,"64":0,"67":0,"71":0,"74":1,"75":0,"76":0,"77":0,"78":0,"82":0,"85":1,"87":1}},"/home/travis/build/npmtest/node-npmtest-cordova-plugin-code-push/node_modules/cordova-plugin-code-push/bin/www/syncStatus.js":{"path":"/home/travis/build/npmtest/node-npmtest-cordova-plugin-code-push/node_modules/cordova-plugin-code-push/bin/www/syncStatus.js","s":{"1":1,"2":1,"3":1,"4":1,"5":1,"6":1,"7":1,"8":1,"9":1,"10":1,"11":1,"12":1},"b":{"1":[1,1]},"f":{"1":1},"fnMap":{"1":{"name":"(anonymous_1)","line":12,"loc":{"start":{"line":12,"column":1},"end":{"line":12,"column":23}}}},"statementMap":{"1":{"start":{"line":11,"column":0},"end":{"line":11,"column":15}},"2":{"start":{"line":12,"column":0},"end":{"line":22,"column":36}},"3":{"start":{"line":13,"column":4},"end":{"line":13,"column":60}},"4":{"start":{"line":14,"column":4},"end":{"line":14,"column":72}},"5":{"start":{"line":15,"column":4},"end":{"line":15,"column":68}},"6":{"start":{"line":16,"column":4},"end":{"line":16,"column":50}},"7":{"start":{"line":17,"column":4},"end":{"line":17,"column":62}},"8":{"start":{"line":18,"column":4},"end":{"line":18,"column":78}},"9":{"start":{"line":19,"column":4},"end":{"line":19,"column":80}},"10":{"start":{"line":20,"column":4},"end":{"line":20,"column":78}},"11":{"start":{"line":21,"column":4},"end":{"line":21,"column":74}},"12":{"start":{"line":23,"column":0},"end":{"line":23,"column":28}}},"branchMap":{"1":{"line":22,"type":"binary-expr","locations":[{"start":{"line":22,"column":3},"end":{"line":22,"column":13}},{"start":{"line":22,"column":18},"end":{"line":22,"column":33}}]}},"code":[""," /******************************************************************************************** "," \t THIS FILE HAS BEEN COMPILED FROM TYPESCRIPT SOURCES. "," \t PLEASE DO NOT MODIFY THIS FILE DIRECTLY AS YOU WILL LOSE YOUR CHANGES WHEN RECOMPILING. "," \t INSTEAD, EDIT THE TYPESCRIPT SOURCES UNDER THE WWW FOLDER, AND THEN RUN GULP. "," \t FOR MORE INFORMATION, PLEASE SEE CONTRIBUTING.md. "," *********************************************************************************************/ ","","","\"use strict\";","var SyncStatus;","(function (SyncStatus) {","    SyncStatus[SyncStatus[\"UP_TO_DATE\"] = 0] = \"UP_TO_DATE\";","    SyncStatus[SyncStatus[\"UPDATE_INSTALLED\"] = 1] = \"UPDATE_INSTALLED\";","    SyncStatus[SyncStatus[\"UPDATE_IGNORED\"] = 2] = \"UPDATE_IGNORED\";","    SyncStatus[SyncStatus[\"ERROR\"] = 3] = \"ERROR\";","    SyncStatus[SyncStatus[\"IN_PROGRESS\"] = 4] = \"IN_PROGRESS\";","    SyncStatus[SyncStatus[\"CHECKING_FOR_UPDATE\"] = 5] = \"CHECKING_FOR_UPDATE\";","    SyncStatus[SyncStatus[\"AWAITING_USER_ACTION\"] = 6] = \"AWAITING_USER_ACTION\";","    SyncStatus[SyncStatus[\"DOWNLOADING_PACKAGE\"] = 7] = \"DOWNLOADING_PACKAGE\";","    SyncStatus[SyncStatus[\"INSTALLING_UPDATE\"] = 8] = \"INSTALLING_UPDATE\";","})(SyncStatus || (SyncStatus = {}));","module.exports = SyncStatus;",""],"l":{"11":1,"12":1,"13":1,"14":1,"15":1,"16":1,"17":1,"18":1,"19":1,"20":1,"21":1,"23":1}},"/home/travis/build/npmtest/node-npmtest-cordova-plugin-code-push/node_modules/cordova-plugin-code-push/bin/www/installMode.js":{"path":"/home/travis/build/npmtest/node-npmtest-cordova-plugin-code-push/node_modules/cordova-plugin-code-push/bin/www/installMode.js","s":{"1":1,"2":1,"3":1,"4":1,"5":1,"6":1},"b":{"1":[1,1]},"f":{"1":1},"fnMap":{"1":{"name":"(anonymous_1)","line":12,"loc":{"start":{"line":12,"column":1},"end":{"line":12,"column":24}}}},"statementMap":{"1":{"start":{"line":11,"column":0},"end":{"line":11,"column":16}},"2":{"start":{"line":12,"column":0},"end":{"line":16,"column":38}},"3":{"start":{"line":13,"column":4},"end":{"line":13,"column":60}},"4":{"start":{"line":14,"column":4},"end":{"line":14,"column":72}},"5":{"start":{"line":15,"column":4},"end":{"line":15,"column":70}},"6":{"start":{"line":17,"column":0},"end":{"line":17,"column":29}}},"branchMap":{"1":{"line":16,"type":"binary-expr","locations":[{"start":{"line":16,"column":3},"end":{"line":16,"column":14}},{"start":{"line":16,"column":19},"end":{"line":16,"column":35}}]}},"code":[""," /******************************************************************************************** "," \t THIS FILE HAS BEEN COMPILED FROM TYPESCRIPT SOURCES. "," \t PLEASE DO NOT MODIFY THIS FILE DIRECTLY AS YOU WILL LOSE YOUR CHANGES WHEN RECOMPILING. "," \t INSTEAD, EDIT THE TYPESCRIPT SOURCES UNDER THE WWW FOLDER, AND THEN RUN GULP. "," \t FOR MORE INFORMATION, PLEASE SEE CONTRIBUTING.md. "," *********************************************************************************************/ ","","","\"use strict\";","var InstallMode;","(function (InstallMode) {","    InstallMode[InstallMode[\"IMMEDIATE\"] = 0] = \"IMMEDIATE\";","    InstallMode[InstallMode[\"ON_NEXT_RESTART\"] = 1] = \"ON_NEXT_RESTART\";","    InstallMode[InstallMode[\"ON_NEXT_RESUME\"] = 2] = \"ON_NEXT_RESUME\";","})(InstallMode || (InstallMode = {}));","module.exports = InstallMode;",""],"l":{"11":1,"12":1,"13":1,"14":1,"15":1,"17":1}}}